Started by upstream project "[8mha:////4E/g256IpsYImUFOvb8DWexxHlzZIEvYLG1GhuPW2CBcAAAAnR+LCAAAAAAAAP9b85aBtbiIQTGjNKU4P08vOT+vOD8nVc83PyU1x6OyILUoJzMv2y+/JJUBAhiZGBgqihhk0NSjKDWzXb3RdlLBUSYGJk8GtpzUvPSSDB8G5tKinBIGIZ+sxLJE/ZzEvHT94JKizLx0a6BxUmjGOUNodHsLgAzuEgZB/az8JH3D+NyyPN2k0sycFH0AeiqGksYAAAA=[0m1_mvn-build" build number [8mha:////4Jb2xsXPNNWozCUmMYIEMbmobW1J37EF4GLebO1EZnvOAAAAnB+LCAAAAAAAAP9b85aBtbiIQTGjNKU4P08vOT+vOD8nVc83PyU1x6OyILUoJzMv2y+/JJUBAhiZGBgqihhk0NSjKDWzXb3RdlLBUSYGJk8GtpzUvPSSDB8G5tKinBIGIZ+sxLJE/ZzEvHT94JKizLx0a6BxUmjGOUNodHsLQAygGfpZ+Un6hvG5ZXm6SaWZOSn6hgCWmNsHxwAAAA==[0m1
originally caused by:
 Started by user [8mha:////4L+iFMg3bEdyJDkF1Ft92vnDeB5SmTdKIqU0roigYhc3AAAAmR+LCAAAAAAAAP9b85aBtbiIQTGjNKU4P08vOT+vOD8nVc83PyU1x6OyILUoJzMv2y+/JJUBAhiZGBgqihhk0NSjKDWzXb3RdlLBUSYGJk8GtpzUvPSSDB8G5tKinBIGIZ+sxLJE/ZzEvHT94JKizLx0a6BxUmjGOUNodHsLgAz2EgZe/dLi1CL9rNS87My8YgDGtiJjwgAAAA==[0mjenkins
Running as SYSTEM
[EnvInject] - Loading node environment variables.
Building remotely on [8mha:////4Mi5nkxhE2VXw8qyjGWNH7VLwqDmNPRrqUyNVyfdx0GdAAAAmx+LCAAAAAAAAP9b85aBtbiIQTGjNKU4P08vOT+vOD8nVc83PyU1x6OyILUoJzMv2y+/JJUBAhiZGBgqihhk0NSjKDWzXb3RdlLBUSYGJk8GtpzUvPSSDB8G5tKinBIGIZ+sxLJE/ZzEvHT94JKizLx0a6BxUmjGOUNodHsLgAzWEgZ+/eT83ILSktQi/eKcxLJUAEnZB8bEAAAA[0mslave (slave-1) in workspace /home/jenkins/workspace/2_mvn-testing
using credential fab16a6d-7a4f-4333-964e-8a4382d5e763
Cloning the remote Git repository
Cloning repository https://github.com/sarathkgit/game-of-life.git
 > git init /home/jenkins/workspace/2_mvn-testing # timeout=10
Fetching upstream changes from https://github.com/sarathkgit/game-of-life.git
 > git --version # timeout=10
using GIT_ASKPASS to set credentials this is github user credentials for authtoken 
 > git fetch --tags --force --progress -- https://github.com/sarathkgit/game-of-life.git +refs/heads/*:refs/remotes/origin/* # timeout=10
 > git config remote.origin.url https://github.com/sarathkgit/game-of-life.git # timeout=10
 > git config --add remote.origin.fetch +refs/heads/*:refs/remotes/origin/* # timeout=10
 > git config remote.origin.url https://github.com/sarathkgit/game-of-life.git # timeout=10
Fetching upstream changes from https://github.com/sarathkgit/game-of-life.git
using GIT_ASKPASS to set credentials this is github user credentials for authtoken 
 > git fetch --tags --force --progress -- https://github.com/sarathkgit/game-of-life.git +refs/heads/*:refs/remotes/origin/* # timeout=10
 > git rev-parse refs/remotes/origin/master^{commit} # timeout=10
 > git rev-parse refs/remotes/origin/origin/master^{commit} # timeout=10
Checking out Revision 7d8bf3366020fb876a7757ffcc8a84b5409c77a4 (refs/remotes/origin/master)
 > git config core.sparsecheckout # timeout=10
 > git checkout -f 7d8bf3366020fb876a7757ffcc8a84b5409c77a4 # timeout=10
Commit message: "Merge pull request #6 from purusotham/patch-1"
First time build. Skipping changelog.
[2_mvn-testing] $ /home/jenkins/tools/hudson.tasks.Maven_MavenInstallation/MAVEN_VERSION-3.6.2/bin/mvn clean test
[INFO] Scanning for projects...
[8mha:////4EEy/+HlS3G4LqvWyHOQ2jNkphXt/G47Z4NLBPNvN99GAAAAYx+LCAAAAAAAAP9b85aBtbiIQSWjNKU4P0+vJLE4u1gvPjexLDVPzxdEhicW5WXmpfvll6S2fNly5fzGzauYGBgqihikoFqS8/OK83NS9ZwhNEghAwQwghQWAACwxA+XYgAAAA==[0m[WARNING] 
[8mha:////4EEy/+HlS3G4LqvWyHOQ2jNkphXt/G47Z4NLBPNvN99GAAAAYx+LCAAAAAAAAP9b85aBtbiIQSWjNKU4P0+vJLE4u1gvPjexLDVPzxdEhicW5WXmpfvll6S2fNly5fzGzauYGBgqihikoFqS8/OK83NS9ZwhNEghAwQwghQWAACwxA+XYgAAAA==[0m[WARNING] Some problems were encountered while building the effective model for com.wakaleo.gameoflife:gameoflife-build:jar:1.0-SNAPSHOT
[8mha:////4EEy/+HlS3G4LqvWyHOQ2jNkphXt/G47Z4NLBPNvN99GAAAAYx+LCAAAAAAAAP9b85aBtbiIQSWjNKU4P0+vJLE4u1gvPjexLDVPzxdEhicW5WXmpfvll6S2fNly5fzGzauYGBgqihikoFqS8/OK83NS9ZwhNEghAwQwghQWAACwxA+XYgAAAA==[0m[WARNING] Reporting configuration should be done in <reporting> section, not in maven-site-plugin <configuration> as reportPlugins parameter.
[8mha:////4EEy/+HlS3G4LqvWyHOQ2jNkphXt/G47Z4NLBPNvN99GAAAAYx+LCAAAAAAAAP9b85aBtbiIQSWjNKU4P0+vJLE4u1gvPjexLDVPzxdEhicW5WXmpfvll6S2fNly5fzGzauYGBgqihikoFqS8/OK83NS9ZwhNEghAwQwghQWAACwxA+XYgAAAA==[0m[WARNING] 
[8mha:////4EEy/+HlS3G4LqvWyHOQ2jNkphXt/G47Z4NLBPNvN99GAAAAYx+LCAAAAAAAAP9b85aBtbiIQSWjNKU4P0+vJLE4u1gvPjexLDVPzxdEhicW5WXmpfvll6S2fNly5fzGzauYGBgqihikoFqS8/OK83NS9ZwhNEghAwQwghQWAACwxA+XYgAAAA==[0m[WARNING] Some problems were encountered while building the effective model for com.wakaleo.gameoflife:gameoflife-core:jar:1.0-SNAPSHOT
[8mha:////4EEy/+HlS3G4LqvWyHOQ2jNkphXt/G47Z4NLBPNvN99GAAAAYx+LCAAAAAAAAP9b85aBtbiIQSWjNKU4P0+vJLE4u1gvPjexLDVPzxdEhicW5WXmpfvll6S2fNly5fzGzauYGBgqihikoFqS8/OK83NS9ZwhNEghAwQwghQWAACwxA+XYgAAAA==[0m[WARNING] Reporting configuration should be done in <reporting> section, not in maven-site-plugin <configuration> as reportPlugins parameter.
[8mha:////4EEy/+HlS3G4LqvWyHOQ2jNkphXt/G47Z4NLBPNvN99GAAAAYx+LCAAAAAAAAP9b85aBtbiIQSWjNKU4P0+vJLE4u1gvPjexLDVPzxdEhicW5WXmpfvll6S2fNly5fzGzauYGBgqihikoFqS8/OK83NS9ZwhNEghAwQwghQWAACwxA+XYgAAAA==[0m[WARNING] 
[8mha:////4EEy/+HlS3G4LqvWyHOQ2jNkphXt/G47Z4NLBPNvN99GAAAAYx+LCAAAAAAAAP9b85aBtbiIQSWjNKU4P0+vJLE4u1gvPjexLDVPzxdEhicW5WXmpfvll6S2fNly5fzGzauYGBgqihikoFqS8/OK83NS9ZwhNEghAwQwghQWAACwxA+XYgAAAA==[0m[WARNING] Some problems were encountered while building the effective model for com.wakaleo.gameoflife:gameoflife-web:war:1.0-SNAPSHOT
[8mha:////4EEy/+HlS3G4LqvWyHOQ2jNkphXt/G47Z4NLBPNvN99GAAAAYx+LCAAAAAAAAP9b85aBtbiIQSWjNKU4P0+vJLE4u1gvPjexLDVPzxdEhicW5WXmpfvll6S2fNly5fzGzauYGBgqihikoFqS8/OK83NS9ZwhNEghAwQwghQWAACwxA+XYgAAAA==[0m[WARNING] Reporting configuration should be done in <reporting> section, not in maven-site-plugin <configuration> as reportPlugins parameter.
[8mha:////4EEy/+HlS3G4LqvWyHOQ2jNkphXt/G47Z4NLBPNvN99GAAAAYx+LCAAAAAAAAP9b85aBtbiIQSWjNKU4P0+vJLE4u1gvPjexLDVPzxdEhicW5WXmpfvll6S2fNly5fzGzauYGBgqihikoFqS8/OK83NS9ZwhNEghAwQwghQWAACwxA+XYgAAAA==[0m[WARNING] 
[8mha:////4EEy/+HlS3G4LqvWyHOQ2jNkphXt/G47Z4NLBPNvN99GAAAAYx+LCAAAAAAAAP9b85aBtbiIQSWjNKU4P0+vJLE4u1gvPjexLDVPzxdEhicW5WXmpfvll6S2fNly5fzGzauYGBgqihikoFqS8/OK83NS9ZwhNEghAwQwghQWAACwxA+XYgAAAA==[0m[WARNING] Some problems were encountered while building the effective model for com.wakaleo.gameoflife:gameoflife:pom:1.0-SNAPSHOT
[8mha:////4EEy/+HlS3G4LqvWyHOQ2jNkphXt/G47Z4NLBPNvN99GAAAAYx+LCAAAAAAAAP9b85aBtbiIQSWjNKU4P0+vJLE4u1gvPjexLDVPzxdEhicW5WXmpfvll6S2fNly5fzGzauYGBgqihikoFqS8/OK83NS9ZwhNEghAwQwghQWAACwxA+XYgAAAA==[0m[WARNING] Reporting configuration should be done in <reporting> section, not in maven-site-plugin <configuration> as reportPlugins parameter. @ line 302, column 40
[8mha:////4EEy/+HlS3G4LqvWyHOQ2jNkphXt/G47Z4NLBPNvN99GAAAAYx+LCAAAAAAAAP9b85aBtbiIQSWjNKU4P0+vJLE4u1gvPjexLDVPzxdEhicW5WXmpfvll6S2fNly5fzGzauYGBgqihikoFqS8/OK83NS9ZwhNEghAwQwghQWAACwxA+XYgAAAA==[0m[WARNING] 
[8mha:////4EEy/+HlS3G4LqvWyHOQ2jNkphXt/G47Z4NLBPNvN99GAAAAYx+LCAAAAAAAAP9b85aBtbiIQSWjNKU4P0+vJLE4u1gvPjexLDVPzxdEhicW5WXmpfvll6S2fNly5fzGzauYGBgqihikoFqS8/OK83NS9ZwhNEghAwQwghQWAACwxA+XYgAAAA==[0m[WARNING] It is highly recommended to fix these problems because they threaten the stability of your build.
[8mha:////4EEy/+HlS3G4LqvWyHOQ2jNkphXt/G47Z4NLBPNvN99GAAAAYx+LCAAAAAAAAP9b85aBtbiIQSWjNKU4P0+vJLE4u1gvPjexLDVPzxdEhicW5WXmpfvll6S2fNly5fzGzauYGBgqihikoFqS8/OK83NS9ZwhNEghAwQwghQWAACwxA+XYgAAAA==[0m[WARNING] 
[8mha:////4EEy/+HlS3G4LqvWyHOQ2jNkphXt/G47Z4NLBPNvN99GAAAAYx+LCAAAAAAAAP9b85aBtbiIQSWjNKU4P0+vJLE4u1gvPjexLDVPzxdEhicW5WXmpfvll6S2fNly5fzGzauYGBgqihikoFqS8/OK83NS9ZwhNEghAwQwghQWAACwxA+XYgAAAA==[0m[WARNING] For this reason, future Maven versions might no longer support building such malformed projects.
[8mha:////4EEy/+HlS3G4LqvWyHOQ2jNkphXt/G47Z4NLBPNvN99GAAAAYx+LCAAAAAAAAP9b85aBtbiIQSWjNKU4P0+vJLE4u1gvPjexLDVPzxdEhicW5WXmpfvll6S2fNly5fzGzauYGBgqihikoFqS8/OK83NS9ZwhNEghAwQwghQWAACwxA+XYgAAAA==[0m[WARNING] 
[INFO] ------------------------------------------------------------------------
[INFO] Reactor Build Order:
[INFO] 
[INFO] gameoflife                                                         [pom]
[INFO] gameoflife-build                                                   [jar]
[INFO] gameoflife-core                                                    [jar]
[INFO] gameoflife-web                                                     [war]
[INFO] 
[INFO] -----------------< com.wakaleo.gameoflife:gameoflife >------------------
[INFO] Building gameoflife 1.0-SNAPSHOT                                   [1/4]
[INFO] --------------------------------[ pom ]---------------------------------
Downloading from central: https://repo.maven.apache.org/maven2/org/apache/maven/plugins/maven-surefire-plugin/2.11/maven-surefire-plugin-2.11.pom
Progress (1): 2.3/11 kBProgress (1): 5.0/11 kBProgress (1): 7.8/11 kBProgress (1): 11/11 kB Progress (1): 11 kB                      Downloaded from central: https://repo.maven.apache.org/maven2/org/apache/maven/plugins/maven-surefire-plugin/2.11/maven-surefire-plugin-2.11.pom (11 kB at 15 kB/s)
Downloading from central: https://repo.maven.apache.org/maven2/org/apache/maven/surefire/surefire/2.11/surefire-2.11.pom
Progress (1): 2.3/12 kBProgress (1): 5.0/12 kBProgress (1): 7.8/12 kBProgress (1): 11/12 kB Progress (1): 12 kB                      Downloaded from central: https://repo.maven.apache.org/maven2/org/apache/maven/surefire/surefire/2.11/surefire-2.11.pom (12 kB at 133 kB/s)
Downloading from central: https://repo.maven.apache.org/maven2/org/apache/maven/maven-parent/20/maven-parent-20.pom
Progress (1): 2.3/25 kBProgress (1): 5.0/25 kBProgress (1): 7.8/25 kBProgress (1): 11/25 kB Progress (1): 13/25 kBProgress (1): 16/25 kBProgress (1): 19/25 kBProgress (1): 21/25 kBProgress (1): 24/25 kBProgress (1): 25 kB                      Downloaded from central: https://repo.maven.apache.org/maven2/org/apache/maven/maven-parent/20/maven-parent-20.pom (25 kB at 246 kB/s)
Downloading from central: https://repo.maven.apache.org/maven2/org/apache/maven/plugins/maven-surefire-plugin/2.11/maven-surefire-plugin-2.11.jar
Progress (1): 2.3/31 kBProgress (1): 5.0/31 kBProgress (1): 7.8/31 kBProgress (1): 11/31 kB Progress (1): 13/31 kBProgress (1): 16/31 kBProgress (1): 19/31 kBProgress (1): 21/31 kBProgress (1): 24/31 kBProgress (1): 27/31 kBProgress (1): 30/31 kBProgress (1): 31 kB                      Downloaded from central: https://repo.maven.apache.org/maven2/org/apache/maven/plugins/maven-surefire-plugin/2.11/maven-surefire-plugin-2.11.jar (31 kB at 282 kB/s)
[INFO] 
[8mha:////4PRLbbxp59Vs5gBn4eGEGzRL/dWLitGYdHRA3k5rmXNMAAAAYB+LCAAAAAAAAP9b85aBtbiIQSmjNKU4P0+vJLE4u1gvPjexLDVPzxdEGvvmZ+X75ZekLlOVfvTjc8FPJgaGiiIGKaiG5Py84vycVD1nCA1SyAABjCCFBQCV27OjYAAAAA==[0m[INFO] --- maven-clean-plugin:2.5:clean (default-clean) @ gameoflife ---
[INFO] 
[8mha:////4PRLbbxp59Vs5gBn4eGEGzRL/dWLitGYdHRA3k5rmXNMAAAAYB+LCAAAAAAAAP9b85aBtbiIQSmjNKU4P0+vJLE4u1gvPjexLDVPzxdEGvvmZ+X75ZekLlOVfvTjc8FPJgaGiiIGKaiG5Py84vycVD1nCA1SyAABjCCFBQCV27OjYAAAAA==[0m[INFO] --- maven-enforcer-plugin:1.0:enforce (enforce-versions) @ gameoflife ---
[INFO] 
[8mha:////4PRLbbxp59Vs5gBn4eGEGzRL/dWLitGYdHRA3k5rmXNMAAAAYB+LCAAAAAAAAP9b85aBtbiIQSmjNKU4P0+vJLE4u1gvPjexLDVPzxdEGvvmZ+X75ZekLlOVfvTjc8FPJgaGiiIGKaiG5Py84vycVD1nCA1SyAABjCCFBQCV27OjYAAAAA==[0m[INFO] --- jacoco-maven-plugin:0.7.2.201409121644:prepare-agent (jacoco-initialize) @ gameoflife ---
[INFO] argLine set to -javaagent:/home/jenkins/.m2/repository/org/jacoco/org.jacoco.agent/0.7.2.201409121644/org.jacoco.agent-0.7.2.201409121644-runtime.jar=destfile=/home/jenkins/workspace/2_mvn-testing/target/jacoco.exec
[INFO] 
[8mha:////4PRLbbxp59Vs5gBn4eGEGzRL/dWLitGYdHRA3k5rmXNMAAAAYB+LCAAAAAAAAP9b85aBtbiIQSmjNKU4P0+vJLE4u1gvPjexLDVPzxdEGvvmZ+X75ZekLlOVfvTjc8FPJgaGiiIGKaiG5Py84vycVD1nCA1SyAABjCCFBQCV27OjYAAAAA==[0m[INFO] --- maven-surefire-plugin:2.11:test (unit-tests) @ gameoflife ---
Downloading from central: https://repo.maven.apache.org/maven2/org/apache/maven/surefire/surefire-booter/2.11/surefire-booter-2.11.pom
Progress (1): 2.3/3.0 kBProgress (1): 3.0 kB                        Downloaded from central: https://repo.maven.apache.org/maven2/org/apache/maven/surefire/surefire-booter/2.11/surefire-booter-2.11.pom (3.0 kB at 63 kB/s)
Downloading from central: https://repo.maven.apache.org/maven2/org/apache/maven/surefire/surefire-api/2.11/surefire-api-2.11.pom
Progress (1): 2.3/2.3 kBProgress (1): 2.3 kB                        Downloaded from central: https://repo.maven.apache.org/maven2/org/apache/maven/surefire/surefire-api/2.11/surefire-api-2.11.pom (2.3 kB at 59 kB/s)
Downloading from central: https://repo.maven.apache.org/maven2/org/apache/maven/surefire/maven-surefire-common/2.11/maven-surefire-common-2.11.pom
Progress (1): 2.3/4.0 kBProgress (1): 4.0 kB                        Downloaded from central: https://repo.maven.apache.org/maven2/org/apache/maven/surefire/maven-surefire-common/2.11/maven-surefire-common-2.11.pom (4.0 kB at 84 kB/s)
Downloading from central: https://repo.maven.apache.org/maven2/org/codehaus/plexus/plexus-utils/2.1/plexus-utils-2.1.pom
Progress (1): 2.3/4.0 kBProgress (1): 4.0 kB                        Downloaded from central: https://repo.maven.apache.org/maven2/org/codehaus/plexus/plexus-utils/2.1/plexus-utils-2.1.pom (4.0 kB at 94 kB/s)
Downloading from central: https://repo.maven.apache.org/maven2/org/apache/maven/surefire/surefire-booter/2.11/surefire-booter-2.11.jar
Downloading from central: https://repo.maven.apache.org/maven2/org/apache/maven/surefire/surefire-api/2.11/surefire-api-2.11.jar
Downloading from central: https://repo.maven.apache.org/maven2/org/apache/maven/surefire/maven-surefire-common/2.11/maven-surefire-common-2.11.jar
Progress (1): 2.3/33 kBProgress (1): 5.0/33 kB                       Downloading from central: https://repo.maven.apache.org/maven2/org/codehaus/plexus/plexus-utils/2.1/plexus-utils-2.1.jar
Progress (2): 5.0/33 kB | 2.3/84 kBProgress (3): 5.0/33 kB | 2.3/84 kB | 2.3/160 kBProgress (3): 7.8/33 kB | 2.3/84 kB | 2.3/160 kBProgress (3): 11/33 kB | 2.3/84 kB | 2.3/160 kB Progress (3): 13/33 kB | 2.3/84 kB | 2.3/160 kBProgress (3): 16/33 kB | 2.3/84 kB | 2.3/160 kBProgress (3): 19/33 kB | 2.3/84 kB | 2.3/160 kBProgress (3): 21/33 kB | 2.3/84 kB | 2.3/160 kBProgress (3): 24/33 kB | 2.3/84 kB | 2.3/160 kBProgress (3): 27/33 kB | 2.3/84 kB | 2.3/160 kBProgress (3): 27/33 kB | 5.0/84 kB | 2.3/160 kBProgress (3): 27/33 kB | 7.8/84 kB | 2.3/160 kBProgress (3): 27/33 kB | 11/84 kB | 2.3/160 kB Progress (3): 27/33 kB | 13/84 kB | 2.3/160 kBProgress (3): 27/33 kB | 16/84 kB | 2.3/160 kBProgress (3): 27/33 kB | 19/84 kB | 2.3/160 kBProgress (3): 27/33 kB | 19/84 kB | 5.0/160 kBProgress (3): 27/33 kB | 19/84 kB | 7.8/160 kBProgress (3): 27/33 kB | 19/84 kB | 11/160 kB Progress (3): 27/33 kB | 19/84 kB | 13/160 kBProgress (3): 27/33 kB | 19/84 kB | 16/160 kBProgress (3): 27/33 kB | 19/84 kB | 19/160 kBProgress (3): 27/33 kB | 19/84 kB | 21/160 kBProgress (4): 27/33 kB | 19/84 kB | 21/160 kB | 2.3/225 kBProgress (4): 30/33 kB | 19/84 kB | 21/160 kB | 2.3/225 kBProgress (4): 32/33 kB | 19/84 kB | 21/160 kB | 2.3/225 kBProgress (4): 33 kB | 19/84 kB | 21/160 kB | 2.3/225 kB   Progress (4): 33 kB | 21/84 kB | 21/160 kB | 2.3/225 kBProgress (4): 33 kB | 24/84 kB | 21/160 kB | 2.3/225 kBProgress (4): 33 kB | 27/84 kB | 21/160 kB | 2.3/225 kBProgress (4): 33 kB | 30/84 kB | 21/160 kB | 2.3/225 kBProgress (4): 33 kB | 30/84 kB | 24/160 kB | 2.3/225 kBProgress (4): 33 kB | 30/84 kB | 27/160 kB | 2.3/225 kBProgress (4): 33 kB | 30/84 kB | 30/160 kB | 2.3/225 kBProgress (4): 33 kB | 30/84 kB | 32/160 kB | 2.3/225 kBProgress (4): 33 kB | 30/84 kB | 36/160 kB | 2.3/225 kBProgress (4): 33 kB | 30/84 kB | 40/160 kB | 2.3/225 kBProgress (4): 33 kB | 30/84 kB | 45/160 kB | 2.3/225 kBProgress (4): 33 kB | 30/84 kB | 49/160 kB | 2.3/225 kB                                                       Downloaded from central: https://repo.maven.apache.org/maven2/org/apache/maven/surefire/surefire-booter/2.11/surefire-booter-2.11.jar (33 kB at 183 kB/s)
Progress (3): 30/84 kB | 49/160 kB | 5.0/225 kBProgress (3): 30/84 kB | 49/160 kB | 7.8/225 kBProgress (3): 30/84 kB | 49/160 kB | 11/225 kB Progress (3): 30/84 kB | 49/160 kB | 13/225 kBProgress (3): 30/84 kB | 49/160 kB | 16/225 kBProgress (3): 30/84 kB | 49/160 kB | 19/225 kBProgress (3): 30/84 kB | 49/160 kB | 21/225 kBProgress (3): 32/84 kB | 49/160 kB | 21/225 kBProgress (3): 36/84 kB | 49/160 kB | 21/225 kBProgress (3): 40/84 kB | 49/160 kB | 21/225 kBProgress (3): 45/84 kB | 49/160 kB | 21/225 kBProgress (3): 49/84 kB | 49/160 kB | 21/225 kBProgress (3): 49/84 kB | 49/160 kB | 24/225 kBProgress (3): 49/84 kB | 49/160 kB | 27/225 kBProgress (3): 49/84 kB | 49/160 kB | 30/225 kBProgress (3): 49/84 kB | 49/160 kB | 32/225 kBProgress (3): 53/84 kB | 49/160 kB | 32/225 kBProgress (3): 57/84 kB | 49/160 kB | 32/225 kBProgress (3): 61/84 kB | 49/160 kB | 32/225 kBProgress (3): 65/84 kB | 49/160 kB | 32/225 kBProgress (3): 69/84 kB | 49/160 kB | 32/225 kBProgress (3): 69/84 kB | 53/160 kB | 32/225 kBProgress (3): 69/84 kB | 57/160 kB | 32/225 kBProgress (3): 69/84 kB | 61/160 kB | 32/225 kBProgress (3): 69/84 kB | 65/160 kB | 32/225 kBProgress (3): 69/84 kB | 65/160 kB | 36/225 kBProgress (3): 69/84 kB | 65/160 kB | 40/225 kBProgress (3): 69/84 kB | 65/160 kB | 45/225 kBProgress (3): 69/84 kB | 65/160 kB | 49/225 kBProgress (3): 69/84 kB | 69/160 kB | 49/225 kBProgress (3): 69/84 kB | 73/160 kB | 49/225 kBProgress (3): 69/84 kB | 77/160 kB | 49/225 kBProgress (3): 69/84 kB | 81/160 kB | 49/225 kBProgress (3): 69/84 kB | 86/160 kB | 49/225 kBProgress (3): 69/84 kB | 90/160 kB | 49/225 kBProgress (3): 69/84 kB | 94/160 kB | 49/225 kBProgress (3): 69/84 kB | 98/160 kB | 49/225 kBProgress (3): 69/84 kB | 98/160 kB | 53/225 kBProgress (3): 69/84 kB | 98/160 kB | 57/225 kBProgress (3): 69/84 kB | 98/160 kB | 61/225 kBProgress (3): 69/84 kB | 98/160 kB | 65/225 kBProgress (3): 69/84 kB | 98/160 kB | 69/225 kBProgress (3): 69/84 kB | 98/160 kB | 73/225 kBProgress (3): 69/84 kB | 98/160 kB | 77/225 kBProgress (3): 73/84 kB | 98/160 kB | 77/225 kBProgress (3): 77/84 kB | 98/160 kB | 77/225 kBProgress (3): 81/84 kB | 98/160 kB | 77/225 kBProgress (3): 84 kB | 98/160 kB | 77/225 kB   Progress (3): 84 kB | 98/160 kB | 81/225 kBProgress (3): 84 kB | 98/160 kB | 86/225 kBProgress (3): 84 kB | 98/160 kB | 90/225 kBProgress (3): 84 kB | 98/160 kB | 94/225 kBProgress (3): 84 kB | 98/160 kB | 98/225 kBProgress (3): 84 kB | 102/160 kB | 98/225 kBProgress (3): 84 kB | 106/160 kB | 98/225 kBProgress (3): 84 kB | 110/160 kB | 98/225 kBProgress (3): 84 kB | 114/160 kB | 98/225 kBProgress (3): 84 kB | 118/160 kB | 98/225 kBProgress (3): 84 kB | 122/160 kB | 98/225 kBProgress (3): 84 kB | 126/160 kB | 98/225 kB                                            Downloaded from central: https://repo.maven.apache.org/maven2/org/apache/maven/surefire/maven-surefire-common/2.11/maven-surefire-common-2.11.jar (84 kB at 276 kB/s)
Progress (2): 126/160 kB | 102/225 kBProgress (2): 126/160 kB | 106/225 kBProgress (2): 126/160 kB | 110/225 kBProgress (2): 126/160 kB | 114/225 kBProgress (2): 126/160 kB | 118/225 kBProgress (2): 126/160 kB | 122/225 kBProgress (2): 126/160 kB | 126/225 kBProgress (2): 126/160 kB | 131/225 kBProgress (2): 126/160 kB | 135/225 kBProgress (2): 126/160 kB | 139/225 kBProgress (2): 126/160 kB | 143/225 kBProgress (2): 126/160 kB | 147/225 kBProgress (2): 131/160 kB | 147/225 kBProgress (2): 135/160 kB | 147/225 kBProgress (2): 139/160 kB | 147/225 kBProgress (2): 143/160 kB | 147/225 kBProgress (2): 147/160 kB | 147/225 kBProgress (2): 151/160 kB | 147/225 kBProgress (2): 155/160 kB | 147/225 kBProgress (2): 159/160 kB | 147/225 kBProgress (2): 160 kB | 147/225 kB    Progress (2): 160 kB | 151/225 kBProgress (2): 160 kB | 155/225 kBProgress (2): 160 kB | 159/225 kBProgress (2): 160 kB | 163/225 kBProgress (2): 160 kB | 167/225 kBProgress (2): 160 kB | 172/225 kBProgress (2): 160 kB | 176/225 kB                                 Downloaded from central: https://repo.maven.apache.org/maven2/org/apache/maven/surefire/surefire-api/2.11/surefire-api-2.11.jar (160 kB at 391 kB/s)
Progress (1): 180/225 kBProgress (1): 184/225 kBProgress (1): 188/225 kBProgress (1): 192/225 kBProgress (1): 196/225 kBProgress (1): 200/225 kBProgress (1): 204/225 kBProgress (1): 208/225 kBProgress (1): 212/225 kBProgress (1): 217/225 kBProgress (1): 221/225 kBProgress (1): 225 kB                        Downloaded from central: https://repo.maven.apache.org/maven2/org/codehaus/plexus/plexus-utils/2.1/plexus-utils-2.1.jar (225 kB at 531 kB/s)
[INFO] No tests to run.
[INFO] Surefire report directory: /home/jenkins/workspace/2_mvn-testing/target/surefire-reports
Downloading from central: https://repo.maven.apache.org/maven2/org/apache/maven/surefire/surefire-junit4/2.11/surefire-junit4-2.11.pom
Progress (1): 2.6 kB                    Downloaded from central: https://repo.maven.apache.org/maven2/org/apache/maven/surefire/surefire-junit4/2.11/surefire-junit4-2.11.pom (2.6 kB at 61 kB/s)
Downloading from central: https://repo.maven.apache.org/maven2/org/apache/maven/surefire/surefire-providers/2.11/surefire-providers-2.11.pom
Progress (1): 2.3/2.3 kBProgress (1): 2.3 kB                        Downloaded from central: https://repo.maven.apache.org/maven2/org/apache/maven/surefire/surefire-providers/2.11/surefire-providers-2.11.pom (2.3 kB at 50 kB/s)
Downloading from central: https://repo.maven.apache.org/maven2/org/apache/maven/surefire/surefire-junit4/2.11/surefire-junit4-2.11.jar
Progress (1): 2.3/33 kBProgress (1): 5.0/33 kBProgress (1): 7.8/33 kBProgress (1): 11/33 kB Progress (1): 13/33 kBProgress (1): 16/33 kBProgress (1): 19/33 kBProgress (1): 21/33 kBProgress (1): 24/33 kBProgress (1): 27/33 kBProgress (1): 30/33 kBProgress (1): 32/33 kBProgress (1): 33 kB                      Downloaded from central: https://repo.maven.apache.org/maven2/org/apache/maven/surefire/surefire-junit4/2.11/surefire-junit4-2.11.jar (33 kB at 358 kB/s)

-------------------------------------------------------
 T E S T S
-------------------------------------------------------

Results :

Tests run: 0, Failures: 0, Errors: 0, Skipped: 0

[INFO] 
[8mha:////4PRLbbxp59Vs5gBn4eGEGzRL/dWLitGYdHRA3k5rmXNMAAAAYB+LCAAAAAAAAP9b85aBtbiIQSmjNKU4P0+vJLE4u1gvPjexLDVPzxdEGvvmZ+X75ZekLlOVfvTjc8FPJgaGiiIGKaiG5Py84vycVD1nCA1SyAABjCCFBQCV27OjYAAAAA==[0m[INFO] --- maven-easyb-plugin:1.4:test (default) @ gameoflife ---
Downloading from central: https://repo.maven.apache.org/maven2/org/apache/ant/ant/1.8.1/ant-1.8.1.pom
Progress (1): 2.2/8.8 kBProgress (1): 5.0/8.8 kBProgress (1): 7.8/8.8 kBProgress (1): 8.8 kB                        Downloaded from central: https://repo.maven.apache.org/maven2/org/apache/ant/ant/1.8.1/ant-1.8.1.pom (8.8 kB at 152 kB/s)
Downloading from central: https://repo.maven.apache.org/maven2/org/apache/ant/ant-parent/1.8.1/ant-parent-1.8.1.pom
Progress (1): 2.3/4.3 kBProgress (1): 4.3 kB                        Downloaded from central: https://repo.maven.apache.org/maven2/org/apache/ant/ant-parent/1.8.1/ant-parent-1.8.1.pom (4.3 kB at 97 kB/s)
Downloading from central: https://repo.maven.apache.org/maven2/org/apache/ant/ant-launcher/1.8.1/ant-launcher-1.8.1.pom
Progress (1): 2.3/2.4 kBProgress (1): 2.4 kB                        Downloaded from central: https://repo.maven.apache.org/maven2/org/apache/ant/ant-launcher/1.8.1/ant-launcher-1.8.1.pom (2.4 kB at 44 kB/s)
Downloading from central: https://repo.maven.apache.org/maven2/org/easyb/easyb-core/maven-metadata.xml
Progress (1): 465 B                   Downloaded from central: https://repo.maven.apache.org/maven2/org/easyb/easyb-core/maven-metadata.xml (465 B at 11 kB/s)
Downloading from central: https://repo.maven.apache.org/maven2/org/easyb/easyb-core/1.4/easyb-core-1.4.pom
Progress (1): 2.3/15 kBProgress (1): 5.0/15 kBProgress (1): 7.8/15 kBProgress (1): 11/15 kB Progress (1): 13/15 kBProgress (1): 15 kB                      Downloaded from central: https://repo.maven.apache.org/maven2/org/easyb/easyb-core/1.4/easyb-core-1.4.pom (15 kB at 225 kB/s)
Downloading from central: https://repo.maven.apache.org/maven2/org/codehaus/groovy/groovy-all/1.7.10/groovy-all-1.7.10.pom
Progress (1): 2.3/27 kBProgress (1): 5.0/27 kBProgress (1): 7.8/27 kBProgress (1): 11/27 kB Progress (1): 13/27 kBProgress (1): 16/27 kBProgress (1): 19/27 kBProgress (1): 21/27 kBProgress (1): 24/27 kBProgress (1): 27/27 kBProgress (1): 27 kB                      Downloaded from central: https://repo.maven.apache.org/maven2/org/codehaus/groovy/groovy-all/1.7.10/groovy-all-1.7.10.pom (27 kB at 503 kB/s)
Downloading from central: https://repo.maven.apache.org/maven2/commons-cli/commons-cli/1.2/commons-cli-1.2.pom
Progress (1): 2.3/8.0 kBProgress (1): 5.0/8.0 kBProgress (1): 7.8/8.0 kBProgress (1): 8.0 kB                        Downloaded from central: https://repo.maven.apache.org/maven2/commons-cli/commons-cli/1.2/commons-cli-1.2.pom (8.0 kB at 131 kB/s)
Downloading from central: https://repo.maven.apache.org/maven2/org/apache/commons/commons-parent/11/commons-parent-11.pom
Progress (1): 2.2/25 kBProgress (1): 5.0/25 kBProgress (1): 7.8/25 kBProgress (1): 11/25 kB Progress (1): 13/25 kBProgress (1): 16/25 kBProgress (1): 19/25 kBProgress (1): 21/25 kBProgress (1): 24/25 kBProgress (1): 25 kB                      Downloaded from central: https://repo.maven.apache.org/maven2/org/apache/commons/commons-parent/11/commons-parent-11.pom (25 kB at 347 kB/s)
Downloading from central: https://repo.maven.apache.org/maven2/commons-lang/commons-lang/2.5/commons-lang-2.5.pom
Progress (1): 2.3/17 kBProgress (1): 5.0/17 kBProgress (1): 7.8/17 kBProgress (1): 11/17 kB Progress (1): 13/17 kBProgress (1): 16/17 kBProgress (1): 17 kB                      Downloaded from central: https://repo.maven.apache.org/maven2/commons-lang/commons-lang/2.5/commons-lang-2.5.pom (17 kB at 245 kB/s)
Downloading from central: https://repo.maven.apache.org/maven2/org/apache/commons/commons-parent/12/commons-parent-12.pom
Progress (1): 2.3/27 kBProgress (1): 5.0/27 kBProgress (1): 7.8/27 kBProgress (1): 11/27 kB Progress (1): 13/27 kBProgress (1): 16/27 kBProgress (1): 19/27 kBProgress (1): 21/27 kBProgress (1): 24/27 kBProgress (1): 27 kB                      Downloaded from central: https://repo.maven.apache.org/maven2/org/apache/commons/commons-parent/12/commons-parent-12.pom (27 kB at 612 kB/s)
Downloading from central: https://repo.maven.apache.org/maven2/ant/ant/1.6.5/ant-1.6.5.pom
Progress (1): 861 B                   Downloaded from central: https://repo.maven.apache.org/maven2/ant/ant/1.6.5/ant-1.6.5.pom (861 B at 24 kB/s)
Downloading from central: https://repo.maven.apache.org/maven2/org/easyb/easyb-core/1.5/easyb-core-1.5.pom
Progress (1): 2.3/15 kBProgress (1): 5.0/15 kBProgress (1): 7.8/15 kBProgress (1): 11/15 kB Progress (1): 13/15 kBProgress (1): 15 kB                      Downloaded from central: https://repo.maven.apache.org/maven2/org/easyb/easyb-core/1.5/easyb-core-1.5.pom (15 kB at 283 kB/s)
Downloading from central: https://repo.maven.apache.org/maven2/org/easyb/easyb-core/1.6/easyb-core-1.6.pom
Progress (1): 2.3/15 kBProgress (1): 5.0/15 kBProgress (1): 7.8/15 kBProgress (1): 11/15 kB Progress (1): 13/15 kBProgress (1): 15 kB                      Downloaded from central: https://repo.maven.apache.org/maven2/org/easyb/easyb-core/1.6/easyb-core-1.6.pom (15 kB at 267 kB/s)
Downloading from central: https://repo.maven.apache.org/maven2/org/easyb/easyb-maven-parent/1.5/easyb-maven-parent-1.5.pom
Progress (1): 2.3/4.9 kBProgress (1): 4.9 kB                        Downloaded from central: https://repo.maven.apache.org/maven2/org/easyb/easyb-maven-parent/1.5/easyb-maven-parent-1.5.pom (4.9 kB at 111 kB/s)
Downloading from central: https://repo.maven.apache.org/maven2/org/easyb/easyb-parent/1.1/easyb-parent-1.1.pom
Progress (1): 2.3/4.4 kBProgress (1): 4.4 kB                        Downloaded from central: https://repo.maven.apache.org/maven2/org/easyb/easyb-parent/1.1/easyb-parent-1.1.pom (4.4 kB at 116 kB/s)
Downloading from central: https://repo.maven.apache.org/maven2/org/easyb/easyb-composite-groovy/maven-metadata.xml
Progress (1): 361 B                   Downloaded from central: https://repo.maven.apache.org/maven2/org/easyb/easyb-composite-groovy/maven-metadata.xml (361 B at 10 kB/s)
Downloading from central: https://repo.maven.apache.org/maven2/org/easyb/easyb-composite-groovy/1.2/easyb-composite-groovy-1.2.pom
Progress (1): 1.0 kB                    Downloaded from central: https://repo.maven.apache.org/maven2/org/easyb/easyb-composite-groovy/1.2/easyb-composite-groovy-1.2.pom (1.0 kB at 35 kB/s)
Downloading from central: https://repo.maven.apache.org/maven2/org/codehaus/groovy/groovy-all/2.3.6/groovy-all-2.3.6.pom
Progress (1): 2.3/18 kBProgress (1): 5.0/18 kBProgress (1): 7.8/18 kBProgress (1): 11/18 kB Progress (1): 13/18 kBProgress (1): 16/18 kBProgress (1): 18 kB                      Downloaded from central: https://repo.maven.apache.org/maven2/org/codehaus/groovy/groovy-all/2.3.6/groovy-all-2.3.6.pom (18 kB at 335 kB/s)
Downloading from central: https://repo.maven.apache.org/maven2/org/easyb/easyb-ast/maven-metadata.xml
Progress (1): 319 B                   Downloaded from central: https://repo.maven.apache.org/maven2/org/easyb/easyb-ast/maven-metadata.xml (319 B at 11 kB/s)
Downloading from central: https://repo.maven.apache.org/maven2/org/easyb/easyb-ast/1.1/easyb-ast-1.1.pom
Progress (1): 837 B                   Downloaded from central: https://repo.maven.apache.org/maven2/org/easyb/easyb-ast/1.1/easyb-ast-1.1.pom (837 B at 29 kB/s)
Downloading from central: https://repo.maven.apache.org/maven2/org/easyb/easyb-composite-groovy/1.1/easyb-composite-groovy-1.1.pom
Progress (1): 989 B                   Downloaded from central: https://repo.maven.apache.org/maven2/org/easyb/easyb-composite-groovy/1.1/easyb-composite-groovy-1.1.pom (989 B at 29 kB/s)
Downloading from central: https://repo.maven.apache.org/maven2/org/easyb/easyb-maven-parent/1.1/easyb-maven-parent-1.1.pom
Progress (1): 2.3/6.2 kBProgress (1): 5.0/6.2 kBProgress (1): 6.2 kB                        Downloaded from central: https://repo.maven.apache.org/maven2/org/easyb/easyb-maven-parent/1.1/easyb-maven-parent-1.1.pom (6.2 kB at 237 kB/s)
Downloading from central: https://repo.maven.apache.org/maven2/org/codehaus/groovy/groovy-all/maven-metadata.xml
Progress (1): 2.3/6.4 kBProgress (1): 5.0/6.4 kBProgress (1): 6.4 kB                        Downloaded from central: https://repo.maven.apache.org/maven2/org/codehaus/groovy/groovy-all/maven-metadata.xml (6.4 kB at 165 kB/s)
Downloading from central: https://repo.maven.apache.org/maven2/org/codehaus/groovy/groovy-all/1.7.4/groovy-all-1.7.4.pom
Progress (1): 2.3/27 kBProgress (1): 5.0/27 kBProgress (1): 7.8/27 kBProgress (1): 11/27 kB Progress (1): 13/27 kBProgress (1): 16/27 kBProgress (1): 19/27 kBProgress (1): 21/27 kBProgress (1): 24/27 kBProgress (1): 27/27 kBProgress (1): 27 kB                      Downloaded from central: https://repo.maven.apache.org/maven2/org/codehaus/groovy/groovy-all/1.7.4/groovy-all-1.7.4.pom (27 kB at 482 kB/s)
Downloading from central: https://repo.maven.apache.org/maven2/org/codehaus/groovy/groovy-all/1.7.5/groovy-all-1.7.5.pom
Progress (1): 2.3/27 kBProgress (1): 5.0/27 kBProgress (1): 7.8/27 kBProgress (1): 11/27 kB Progress (1): 13/27 kBProgress (1): 16/27 kBProgress (1): 19/27 kBProgress (1): 21/27 kBProgress (1): 24/27 kBProgress (1): 27/27 kBProgress (1): 27 kB                      Downloaded from central: https://repo.maven.apache.org/maven2/org/codehaus/groovy/groovy-all/1.7.5/groovy-all-1.7.5.pom (27 kB at 829 kB/s)
Downloading from central: https://repo.maven.apache.org/maven2/org/codehaus/groovy/groovy-all/1.7.6/groovy-all-1.7.6.pom
Progress (1): 2.3/27 kBProgress (1): 5.0/27 kBProgress (1): 7.8/27 kBProgress (1): 11/27 kB Progress (1): 13/27 kBProgress (1): 16/27 kBProgress (1): 19/27 kBProgress (1): 21/27 kBProgress (1): 24/27 kBProgress (1): 27/27 kBProgress (1): 27 kB                      Downloaded from central: https://repo.maven.apache.org/maven2/org/codehaus/groovy/groovy-all/1.7.6/groovy-all-1.7.6.pom (27 kB at 404 kB/s)
Downloading from central: https://repo.maven.apache.org/maven2/org/codehaus/groovy/groovy-all/1.7.7/groovy-all-1.7.7.pom
Progress (1): 2.3/27 kBProgress (1): 5.0/27 kBProgress (1): 7.8/27 kBProgress (1): 11/27 kB Progress (1): 13/27 kBProgress (1): 16/27 kBProgress (1): 19/27 kBProgress (1): 21/27 kBProgress (1): 24/27 kBProgress (1): 27/27 kBProgress (1): 27 kB                      Downloaded from central: https://repo.maven.apache.org/maven2/org/codehaus/groovy/groovy-all/1.7.7/groovy-all-1.7.7.pom (27 kB at 578 kB/s)
Downloading from central: https://repo.maven.apache.org/maven2/org/codehaus/groovy/groovy-all/1.7.8/groovy-all-1.7.8.pom
Progress (1): 2.3/27 kBProgress (1): 5.0/27 kBProgress (1): 7.8/27 kBProgress (1): 11/27 kB Progress (1): 13/27 kBProgress (1): 16/27 kBProgress (1): 19/27 kBProgress (1): 21/27 kBProgress (1): 24/27 kBProgress (1): 27/27 kBProgress (1): 27 kB                      Downloaded from central: https://repo.maven.apache.org/maven2/org/codehaus/groovy/groovy-all/1.7.8/groovy-all-1.7.8.pom (27 kB at 680 kB/s)
Downloading from central: https://repo.maven.apache.org/maven2/org/codehaus/groovy/groovy-all/1.7.9/groovy-all-1.7.9.pom
Progress (1): 2.3/27 kBProgress (1): 5.0/27 kBProgress (1): 7.8/27 kBProgress (1): 11/27 kB Progress (1): 13/27 kBProgress (1): 16/27 kBProgress (1): 19/27 kBProgress (1): 21/27 kBProgress (1): 24/27 kBProgress (1): 27/27 kBProgress (1): 27 kB                      Downloaded from central: https://repo.maven.apache.org/maven2/org/codehaus/groovy/groovy-all/1.7.9/groovy-all-1.7.9.pom (27 kB at 469 kB/s)
Downloading from central: https://repo.maven.apache.org/maven2/org/codehaus/groovy/groovy-all/1.7.11/groovy-all-1.7.11.pom
Progress (1): 2.3/27 kBProgress (1): 5.0/27 kBProgress (1): 7.8/27 kBProgress (1): 11/27 kB Progress (1): 13/27 kBProgress (1): 16/27 kBProgress (1): 19/27 kBProgress (1): 21/27 kBProgress (1): 24/27 kBProgress (1): 27/27 kBProgress (1): 27 kB                      Downloaded from central: https://repo.maven.apache.org/maven2/org/codehaus/groovy/groovy-all/1.7.11/groovy-all-1.7.11.pom (27 kB at 722 kB/s)
Downloading from central: https://repo.maven.apache.org/maven2/org/codehaus/plexus/plexus-utils/1.5.15/plexus-utils-1.5.15.jar
Downloading from central: https://repo.maven.apache.org/maven2/org/apache/ant/ant/1.8.1/ant-1.8.1.jar
Downloading from central: https://repo.maven.apache.org/maven2/org/apache/ant/ant-launcher/1.8.1/ant-launcher-1.8.1.jar
Downloading from central: https://repo.maven.apache.org/maven2/org/easyb/easyb-core/1.6/easyb-core-1.6.jar
Downloading from central: https://repo.maven.apache.org/maven2/org/codehaus/groovy/groovy-all/2.3.6/groovy-all-2.3.6.jar
Progress (1): 0/1.5 MBProgress (1): 0/1.5 MBProgress (1): 0/1.5 MBProgress (2): 0/1.5 MB | 2.3/228 kBProgress (2): 0/1.5 MB | 5.0/228 kBProgress (2): 0/1.5 MB | 7.8/228 kBProgress (2): 0/1.5 MB | 11/228 kB Progress (2): 0/1.5 MB | 13/228 kBProgress (2): 0/1.5 MB | 16/228 kBProgress (2): 0/1.5 MB | 19/228 kBProgress (2): 0/1.5 MB | 21/228 kBProgress (2): 0/1.5 MB | 24/228 kBProgress (2): 0/1.5 MB | 27/228 kBProgress (2): 0/1.5 MB | 30/228 kBProgress (2): 0/1.5 MB | 32/228 kBProgress (2): 0/1.5 MB | 36/228 kBProgress (2): 0/1.5 MB | 40/228 kBProgress (2): 0/1.5 MB | 45/228 kBProgress (2): 0/1.5 MB | 49/228 kBProgress (2): 0/1.5 MB | 53/228 kBProgress (2): 0/1.5 MB | 57/228 kBProgress (2): 0/1.5 MB | 61/228 kBProgress (2): 0/1.5 MB | 65/228 kBProgress (3): 0/1.5 MB | 65/228 kB | 2.3/527 kBProgress (4): 0/1.5 MB | 65/228 kB | 2.3/527 kB | 2.3/12 kBProgress (4): 0/1.5 MB | 65/228 kB | 2.3/527 kB | 5.0/12 kBProgress (4): 0/1.5 MB | 65/228 kB | 2.3/527 kB | 7.8/12 kBProgress (4): 0/1.5 MB | 65/228 kB | 2.3/527 kB | 11/12 kB Progress (4): 0/1.5 MB | 65/228 kB | 2.3/527 kB | 12 kB   Progress (4): 0/1.5 MB | 65/228 kB | 5.0/527 kB | 12 kBProgress (4): 0/1.5 MB | 65/228 kB | 7.8/527 kB | 12 kBProgress (4): 0/1.5 MB | 65/228 kB | 11/527 kB | 12 kB Progress (4): 0/1.5 MB | 65/228 kB | 13/527 kB | 12 kBProgress (4): 0/1.5 MB | 65/228 kB | 16/527 kB | 12 kBProgress (4): 0/1.5 MB | 65/228 kB | 19/527 kB | 12 kBProgress (4): 0/1.5 MB | 65/228 kB | 21/527 kB | 12 kBProgress (4): 0/1.5 MB | 65/228 kB | 24/527 kB | 12 kBProgress (4): 0/1.5 MB | 65/228 kB | 24/527 kB | 12 kBProgress (4): 0/1.5 MB | 65/228 kB | 24/527 kB | 12 kBProgress (4): 0/1.5 MB | 65/228 kB | 24/527 kB | 12 kBProgress (4): 0.1/1.5 MB | 65/228 kB | 24/527 kB | 12 kBProgress (4): 0.1/1.5 MB | 65/228 kB | 24/527 kB | 12 kBProgress (4): 0.1/1.5 MB | 65/228 kB | 24/527 kB | 12 kBProgress (4): 0.1/1.5 MB | 65/228 kB | 24/527 kB | 12 kBProgress (4): 0.1/1.5 MB | 65/228 kB | 24/527 kB | 12 kBProgress (4): 0.1/1.5 MB | 65/228 kB | 24/527 kB | 12 kB                                                        Downloaded from central: https://repo.maven.apache.org/maven2/org/apache/ant/ant-launcher/1.8.1/ant-launcher-1.8.1.jar (12 kB at 158 kB/s)
Downloading from central: https://repo.maven.apache.org/maven2/org/easyb/easyb-ast/1.1/easyb-ast-1.1.jar
Progress (3): 0.1/1.5 MB | 65/228 kB | 27/527 kBProgress (3): 0.1/1.5 MB | 69/228 kB | 27/527 kBProgress (3): 0.1/1.5 MB | 73/228 kB | 27/527 kBProgress (3): 0.1/1.5 MB | 77/228 kB | 27/527 kBProgress (3): 0.1/1.5 MB | 81/228 kB | 27/527 kBProgress (3): 0.1/1.5 MB | 86/228 kB | 27/527 kBProgress (3): 0.1/1.5 MB | 90/228 kB | 27/527 kBProgress (3): 0.1/1.5 MB | 94/228 kB | 27/527 kBProgress (3): 0.1/1.5 MB | 98/228 kB | 27/527 kBProgress (3): 0.1/1.5 MB | 102/228 kB | 27/527 kBProgress (3): 0.1/1.5 MB | 106/228 kB | 27/527 kBProgress (3): 0.1/1.5 MB | 110/228 kB | 27/527 kBProgress (3): 0.1/1.5 MB | 114/228 kB | 27/527 kBProgress (3): 0.1/1.5 MB | 118/228 kB | 27/527 kBProgress (3): 0.1/1.5 MB | 122/228 kB | 27/527 kBProgress (3): 0.1/1.5 MB | 126/228 kB | 27/527 kBProgress (3): 0.1/1.5 MB | 131/228 kB | 27/527 kBProgress (3): 0.1/1.5 MB | 135/228 kB | 27/527 kBProgress (3): 0.1/1.5 MB | 139/228 kB | 27/527 kBProgress (3): 0.1/1.5 MB | 143/228 kB | 27/527 kBProgress (3): 0.1/1.5 MB | 147/228 kB | 27/527 kBProgress (3): 0.1/1.5 MB | 147/228 kB | 27/527 kBProgress (3): 0.1/1.5 MB | 147/228 kB | 27/527 kBProgress (3): 0.1/1.5 MB | 147/228 kB | 27/527 kBProgress (4): 0.1/1.5 MB | 147/228 kB | 27/527 kB | 2.3/8.9 kBProgress (4): 0.1/1.5 MB | 147/228 kB | 27/527 kB | 5.0/8.9 kBProgress (4): 0.1/1.5 MB | 147/228 kB | 27/527 kB | 7.8/8.9 kBProgress (4): 0.1/1.5 MB | 147/228 kB | 27/527 kB | 8.9 kB    Progress (4): 0.1/1.5 MB | 147/228 kB | 27/527 kB | 8.9 kBProgress (4): 0.1/1.5 MB | 147/228 kB | 27/527 kB | 8.9 kBProgress (4): 0.1/1.5 MB | 147/228 kB | 27/527 kB | 8.9 kB                                                          Downloaded from central: https://repo.maven.apache.org/maven2/org/easyb/easyb-ast/1.1/easyb-ast-1.1.jar (8.9 kB at 94 kB/s)
Progress (3): 0.1/1.5 MB | 147/228 kB | 30/527 kBProgress (3): 0.1/1.5 MB | 147/228 kB | 32/527 kBProgress (3): 0.1/1.5 MB | 147/228 kB | 36/527 kBProgress (3): 0.1/1.5 MB | 147/228 kB | 40/527 kBProgress (3): 0.1/1.5 MB | 147/228 kB | 45/527 kBProgress (3): 0.1/1.5 MB | 147/228 kB | 49/527 kBProgress (3): 0.1/1.5 MB | 147/228 kB | 53/527 kBProgress (3): 0.1/1.5 MB | 147/228 kB | 57/527 kBProgress (3): 0.1/1.5 MB | 147/228 kB | 61/527 kBProgress (3): 0.1/1.5 MB | 147/228 kB | 65/527 kBProgress (3): 0.1/1.5 MB | 147/228 kB | 69/527 kBProgress (3): 0.1/1.5 MB | 147/228 kB | 73/527 kBProgress (3): 0.1/1.5 MB | 147/228 kB | 77/527 kBProgress (3): 0.1/1.5 MB | 147/228 kB | 81/527 kBProgress (3): 0.1/1.5 MB | 147/228 kB | 86/527 kBProgress (3): 0.1/1.5 MB | 147/228 kB | 90/527 kBProgress (3): 0.1/1.5 MB | 147/228 kB | 94/527 kBProgress (3): 0.1/1.5 MB | 147/228 kB | 98/527 kBProgress (3): 0.1/1.5 MB | 147/228 kB | 102/527 kBProgress (3): 0.1/1.5 MB | 147/228 kB | 106/527 kBProgress (3): 0.1/1.5 MB | 147/228 kB | 110/527 kBProgress (3): 0.1/1.5 MB | 147/228 kB | 114/527 kBProgress (4): 0.1/1.5 MB | 147/228 kB | 114/527 kB | 0/7.3 MB                                                             Downloading from central: https://repo.maven.apache.org/maven2/commons-cli/commons-cli/1.2/commons-cli-1.2.jar
Progress (4): 0.2/1.5 MB | 147/228 kB | 114/527 kB | 0/7.3 MBProgress (4): 0.2/1.5 MB | 147/228 kB | 114/527 kB | 0/7.3 MBProgress (4): 0.2/1.5 MB | 147/228 kB | 114/527 kB | 0/7.3 MBProgress (4): 0.2/1.5 MB | 147/228 kB | 114/527 kB | 0/7.3 MBProgress (4): 0.2/1.5 MB | 147/228 kB | 114/527 kB | 0/7.3 MBProgress (4): 0.2/1.5 MB | 147/228 kB | 114/527 kB | 0/7.3 MBProgress (4): 0.2/1.5 MB | 147/228 kB | 114/527 kB | 0/7.3 MBProgress (4): 0.2/1.5 MB | 147/228 kB | 114/527 kB | 0/7.3 MBProgress (4): 0.2/1.5 MB | 147/228 kB | 114/527 kB | 0/7.3 MBProgress (4): 0.2/1.5 MB | 147/228 kB | 114/527 kB | 0/7.3 MBProgress (4): 0.2/1.5 MB | 147/228 kB | 114/527 kB | 0/7.3 MBProgress (4): 0.2/1.5 MB | 147/228 kB | 114/527 kB | 0/7.3 MBProgress (4): 0.2/1.5 MB | 147/228 kB | 114/527 kB | 0.1/7.3 MBProgress (4): 0.2/1.5 MB | 147/228 kB | 114/527 kB | 0.1/7.3 MBProgress (4): 0.2/1.5 MB | 147/228 kB | 114/527 kB | 0.2/7.3 MBProgress (4): 0.2/1.5 MB | 151/228 kB | 114/527 kB | 0.2/7.3 MBProgress (4): 0.2/1.5 MB | 155/228 kB | 114/527 kB | 0.2/7.3 MBProgress (4): 0.2/1.5 MB | 159/228 kB | 114/527 kB | 0.2/7.3 MBProgress (4): 0.2/1.5 MB | 163/228 kB | 114/527 kB | 0.2/7.3 MBProgress (4): 0.2/1.5 MB | 167/228 kB | 114/527 kB | 0.2/7.3 MBProgress (4): 0.2/1.5 MB | 172/228 kB | 114/527 kB | 0.2/7.3 MBProgress (4): 0.2/1.5 MB | 176/228 kB | 114/527 kB | 0.2/7.3 MBProgress (4): 0.2/1.5 MB | 180/228 kB | 114/527 kB | 0.2/7.3 MBProgress (4): 0.2/1.5 MB | 184/228 kB | 114/527 kB | 0.2/7.3 MBProgress (4): 0.2/1.5 MB | 188/228 kB | 114/527 kB | 0.2/7.3 MBProgress (4): 0.2/1.5 MB | 192/228 kB | 114/527 kB | 0.2/7.3 MBProgress (4): 0.2/1.5 MB | 196/228 kB | 114/527 kB | 0.2/7.3 MBProgress (4): 0.2/1.5 MB | 200/228 kB | 114/527 kB | 0.2/7.3 MBProgress (4): 0.2/1.5 MB | 204/228 kB | 114/527 kB | 0.2/7.3 MBProgress (4): 0.2/1.5 MB | 208/228 kB | 114/527 kB | 0.2/7.3 MBProgress (4): 0.2/1.5 MB | 212/228 kB | 114/527 kB | 0.2/7.3 MBProgress (5): 0.2/1.5 MB | 212/228 kB | 114/527 kB | 0.2/7.3 MB | 2.3/41 kBProgress (5): 0.2/1.5 MB | 212/228 kB | 114/527 kB | 0.2/7.3 MB | 5.0/41 kBProgress (5): 0.2/1.5 MB | 212/228 kB | 114/527 kB | 0.2/7.3 MB | 7.8/41 kBProgress (5): 0.2/1.5 MB | 212/228 kB | 114/527 kB | 0.2/7.3 MB | 11/41 kB Progress (5): 0.2/1.5 MB | 212/228 kB | 114/527 kB | 0.2/7.3 MB | 13/41 kBProgress (5): 0.2/1.5 MB | 212/228 kB | 114/527 kB | 0.2/7.3 MB | 16/41 kBProgress (5): 0.2/1.5 MB | 212/228 kB | 114/527 kB | 0.2/7.3 MB | 19/41 kBProgress (5): 0.2/1.5 MB | 212/228 kB | 114/527 kB | 0.2/7.3 MB | 21/41 kBProgress (5): 0.2/1.5 MB | 212/228 kB | 114/527 kB | 0.2/7.3 MB | 24/41 kBProgress (5): 0.2/1.5 MB | 212/228 kB | 114/527 kB | 0.2/7.3 MB | 27/41 kBProgress (5): 0.2/1.5 MB | 212/228 kB | 114/527 kB | 0.2/7.3 MB | 30/41 kBProgress (5): 0.2/1.5 MB | 212/228 kB | 114/527 kB | 0.2/7.3 MB | 32/41 kBProgress (5): 0.2/1.5 MB | 212/228 kB | 114/527 kB | 0.2/7.3 MB | 36/41 kBProgress (5): 0.2/1.5 MB | 212/228 kB | 114/527 kB | 0.2/7.3 MB | 40/41 kBProgress (5): 0.2/1.5 MB | 212/228 kB | 114/527 kB | 0.2/7.3 MB | 41 kB   Progress (5): 0.2/1.5 MB | 212/228 kB | 118/527 kB | 0.2/7.3 MB | 41 kBProgress (5): 0.2/1.5 MB | 212/228 kB | 122/527 kB | 0.2/7.3 MB | 41 kBProgress (5): 0.2/1.5 MB | 212/228 kB | 126/527 kB | 0.2/7.3 MB | 41 kBProgress (5): 0.2/1.5 MB | 212/228 kB | 131/527 kB | 0.2/7.3 MB | 41 kBProgress (5): 0.2/1.5 MB | 212/228 kB | 135/527 kB | 0.2/7.3 MB | 41 kBProgress (5): 0.2/1.5 MB | 212/228 kB | 139/527 kB | 0.2/7.3 MB | 41 kBProgress (5): 0.2/1.5 MB | 212/228 kB | 143/527 kB | 0.2/7.3 MB | 41 kBProgress (5): 0.2/1.5 MB | 212/228 kB | 147/527 kB | 0.2/7.3 MB | 41 kBProgress (5): 0.2/1.5 MB | 212/228 kB | 151/527 kB | 0.2/7.3 MB | 41 kBProgress (5): 0.2/1.5 MB | 212/228 kB | 155/527 kB | 0.2/7.3 MB | 41 kBProgress (5): 0.2/1.5 MB | 212/228 kB | 159/527 kB | 0.2/7.3 MB | 41 kBProgress (5): 0.2/1.5 MB | 212/228 kB | 163/527 kB | 0.2/7.3 MB | 41 kBProgress (5): 0.2/1.5 MB | 212/228 kB | 167/527 kB | 0.2/7.3 MB | 41 kBProgress (5): 0.2/1.5 MB | 212/228 kB | 172/527 kB | 0.2/7.3 MB | 41 kBProgress (5): 0.2/1.5 MB | 212/228 kB | 176/527 kB | 0.2/7.3 MB | 41 kBProgress (5): 0.2/1.5 MB | 212/228 kB | 180/527 kB | 0.2/7.3 MB | 41 kBProgress (5): 0.3/1.5 MB | 212/228 kB | 180/527 kB | 0.2/7.3 MB | 41 kBProgress (5): 0.3/1.5 MB | 212/228 kB | 180/527 kB | 0.2/7.3 MB | 41 kBProgress (5): 0.3/1.5 MB | 212/228 kB | 180/527 kB | 0.2/7.3 MB | 41 kBProgress (5): 0.3/1.5 MB | 212/228 kB | 180/527 kB | 0.2/7.3 MB | 41 kBProgress (5): 0.3/1.5 MB | 212/228 kB | 180/527 kB | 0.2/7.3 MB | 41 kBProgress (5): 0.3/1.5 MB | 212/228 kB | 180/527 kB | 0.2/7.3 MB | 41 kBProgress (5): 0.3/1.5 MB | 212/228 kB | 180/527 kB | 0.2/7.3 MB | 41 kBProgress (5): 0.3/1.5 MB | 212/228 kB | 180/527 kB | 0.2/7.3 MB | 41 kBProgress (5): 0.3/1.5 MB | 212/228 kB | 184/527 kB | 0.2/7.3 MB | 41 kBProgress (5): 0.3/1.5 MB | 212/228 kB | 188/527 kB | 0.2/7.3 MB | 41 kBProgress (5): 0.3/1.5 MB | 212/228 kB | 192/527 kB | 0.2/7.3 MB | 41 kBProgress (5): 0.3/1.5 MB | 212/228 kB | 196/527 kB | 0.2/7.3 MB | 41 kBProgress (5): 0.3/1.5 MB | 212/228 kB | 200/527 kB | 0.2/7.3 MB | 41 kBProgress (5): 0.3/1.5 MB | 212/228 kB | 204/527 kB | 0.2/7.3 MB | 41 kBProgress (5): 0.3/1.5 MB | 212/228 kB | 208/527 kB | 0.2/7.3 MB | 41 kBProgress (5): 0.3/1.5 MB | 212/228 kB | 212/527 kB | 0.2/7.3 MB | 41 kBProgress (5): 0.3/1.5 MB | 212/228 kB | 217/527 kB | 0.2/7.3 MB | 41 kBProgress (5): 0.3/1.5 MB | 212/228 kB | 221/527 kB | 0.2/7.3 MB | 41 kBProgress (5): 0.3/1.5 MB | 212/228 kB | 225/527 kB | 0.2/7.3 MB | 41 kBProgress (5): 0.3/1.5 MB | 212/228 kB | 229/527 kB | 0.2/7.3 MB | 41 kBProgress (5): 0.3/1.5 MB | 212/228 kB | 229/527 kB | 0.2/7.3 MB | 41 kB                                                                       Downloaded from central: https://repo.maven.apache.org/maven2/commons-cli/commons-cli/1.2/commons-cli-1.2.jar (41 kB at 209 kB/s)
Progress (4): 0.3/1.5 MB | 217/228 kB | 229/527 kB | 0.2/7.3 MBProgress (4): 0.3/1.5 MB | 221/228 kB | 229/527 kB | 0.2/7.3 MBProgress (4): 0.3/1.5 MB | 225/228 kB | 229/527 kB | 0.2/7.3 MBProgress (4): 0.3/1.5 MB | 228 kB | 229/527 kB | 0.2/7.3 MB                                                               Downloading from central: https://repo.maven.apache.org/maven2/commons-lang/commons-lang/2.5/commons-lang-2.5.jar
Progress (4): 0.3/1.5 MB | 228 kB | 229/527 kB | 0.2/7.3 MBProgress (4): 0.3/1.5 MB | 228 kB | 229/527 kB | 0.3/7.3 MB                                                           Downloaded from central: https://repo.maven.apache.org/maven2/org/codehaus/plexus/plexus-utils/1.5.15/plexus-utils-1.5.15.jar (228 kB at 861 kB/s)
Progress (3): 0.3/1.5 MB | 229/527 kB | 0.3/7.3 MBProgress (3): 0.3/1.5 MB | 229/527 kB | 0.3/7.3 MBProgress (3): 0.3/1.5 MB | 229/527 kB | 0.3/7.3 MBProgress (3): 0.3/1.5 MB | 229/527 kB | 0.3/7.3 MBProgress (3): 0.4/1.5 MB | 229/527 kB | 0.3/7.3 MBProgress (3): 0.4/1.5 MB | 229/527 kB | 0.3/7.3 MBProgress (4): 0.4/1.5 MB | 229/527 kB | 0.3/7.3 MB | 4.1/279 kBProgress (4): 0.4/1.5 MB | 229/527 kB | 0.3/7.3 MB | 7.7/279 kBProgress (4): 0.4/1.5 MB | 229/527 kB | 0.3/7.3 MB | 12/279 kB Progress (4): 0.4/1.5 MB | 229/527 kB | 0.3/7.3 MB | 16/279 kBProgress (4): 0.4/1.5 MB | 229/527 kB | 0.3/7.3 MB | 20/279 kBProgress (4): 0.4/1.5 MB | 229/527 kB | 0.3/7.3 MB | 24/279 kBProgress (4): 0.4/1.5 MB | 229/527 kB | 0.3/7.3 MB | 28/279 kBProgress (4): 0.4/1.5 MB | 229/527 kB | 0.3/7.3 MB | 32/279 kBProgress (4): 0.4/1.5 MB | 229/527 kB | 0.3/7.3 MB | 36/279 kBProgress (4): 0.4/1.5 MB | 229/527 kB | 0.3/7.3 MB | 40/279 kBProgress (4): 0.4/1.5 MB | 229/527 kB | 0.3/7.3 MB | 45/279 kBProgress (4): 0.4/1.5 MB | 229/527 kB | 0.3/7.3 MB | 49/279 kBProgress (4): 0.4/1.5 MB | 233/527 kB | 0.3/7.3 MB | 49/279 kBProgress (4): 0.4/1.5 MB | 237/527 kB | 0.3/7.3 MB | 49/279 kBProgress (4): 0.4/1.5 MB | 241/527 kB | 0.3/7.3 MB | 49/279 kBProgress (4): 0.4/1.5 MB | 245/527 kB | 0.3/7.3 MB | 49/279 kBProgress (4): 0.4/1.5 MB | 249/527 kB | 0.3/7.3 MB | 49/279 kBProgress (4): 0.4/1.5 MB | 253/527 kB | 0.3/7.3 MB | 49/279 kBProgress (4): 0.4/1.5 MB | 258/527 kB | 0.3/7.3 MB | 49/279 kBProgress (4): 0.4/1.5 MB | 262/527 kB | 0.3/7.3 MB | 49/279 kBProgress (4): 0.4/1.5 MB | 266/527 kB | 0.3/7.3 MB | 49/279 kBProgress (4): 0.4/1.5 MB | 270/527 kB | 0.3/7.3 MB | 49/279 kBProgress (4): 0.4/1.5 MB | 274/527 kB | 0.3/7.3 MB | 49/279 kBProgress (4): 0.4/1.5 MB | 278/527 kB | 0.3/7.3 MB | 49/279 kBProgress (4): 0.4/1.5 MB | 282/527 kB | 0.3/7.3 MB | 49/279 kBProgress (4): 0.4/1.5 MB | 286/527 kB | 0.3/7.3 MB | 49/279 kBProgress (4): 0.4/1.5 MB | 290/527 kB | 0.3/7.3 MB | 49/279 kBProgress (4): 0.4/1.5 MB | 294/527 kB | 0.3/7.3 MB | 49/279 kBProgress (4): 0.4/1.5 MB | 294/527 kB | 0.3/7.3 MB | 49/279 kBProgress (4): 0.4/1.5 MB | 294/527 kB | 0.3/7.3 MB | 49/279 kBProgress (4): 0.4/1.5 MB | 294/527 kB | 0.3/7.3 MB | 49/279 kBProgress (4): 0.4/1.5 MB | 294/527 kB | 0.3/7.3 MB | 49/279 kBProgress (4): 0.4/1.5 MB | 294/527 kB | 0.3/7.3 MB | 49/279 kBProgress (4): 0.4/1.5 MB | 294/527 kB | 0.3/7.3 MB | 49/279 kBProgress (4): 0.4/1.5 MB | 294/527 kB | 0.3/7.3 MB | 49/279 kBProgress (4): 0.4/1.5 MB | 294/527 kB | 0.3/7.3 MB | 49/279 kBProgress (4): 0.4/1.5 MB | 294/527 kB | 0.3/7.3 MB | 49/279 kBProgress (4): 0.4/1.5 MB | 294/527 kB | 0.3/7.3 MB | 49/279 kBProgress (4): 0.5/1.5 MB | 294/527 kB | 0.3/7.3 MB | 49/279 kBProgress (4): 0.5/1.5 MB | 294/527 kB | 0.3/7.3 MB | 49/279 kBProgress (4): 0.5/1.5 MB | 294/527 kB | 0.4/7.3 MB | 49/279 kBProgress (4): 0.5/1.5 MB | 294/527 kB | 0.4/7.3 MB | 49/279 kBProgress (4): 0.5/1.5 MB | 294/527 kB | 0.4/7.3 MB | 49/279 kBProgress (4): 0.5/1.5 MB | 299/527 kB | 0.4/7.3 MB | 49/279 kBProgress (4): 0.5/1.5 MB | 303/527 kB | 0.4/7.3 MB | 49/279 kBProgress (4): 0.5/1.5 MB | 307/527 kB | 0.4/7.3 MB | 49/279 kBProgress (4): 0.5/1.5 MB | 311/527 kB | 0.4/7.3 MB | 49/279 kBProgress (4): 0.5/1.5 MB | 315/527 kB | 0.4/7.3 MB | 49/279 kBProgress (4): 0.5/1.5 MB | 319/527 kB | 0.4/7.3 MB | 49/279 kBProgress (4): 0.5/1.5 MB | 323/527 kB | 0.4/7.3 MB | 49/279 kBProgress (4): 0.5/1.5 MB | 327/527 kB | 0.4/7.3 MB | 49/279 kBProgress (4): 0.5/1.5 MB | 331/527 kB | 0.4/7.3 MB | 49/279 kBProgress (4): 0.5/1.5 MB | 335/527 kB | 0.4/7.3 MB | 49/279 kBProgress (4): 0.5/1.5 MB | 339/527 kB | 0.4/7.3 MB | 49/279 kBProgress (4): 0.5/1.5 MB | 344/527 kB | 0.4/7.3 MB | 49/279 kBProgress (4): 0.5/1.5 MB | 344/527 kB | 0.4/7.3 MB | 53/279 kBProgress (4): 0.5/1.5 MB | 344/527 kB | 0.4/7.3 MB | 57/279 kBProgress (4): 0.5/1.5 MB | 344/527 kB | 0.4/7.3 MB | 61/279 kBProgress (4): 0.5/1.5 MB | 344/527 kB | 0.4/7.3 MB | 65/279 kBProgress (4): 0.5/1.5 MB | 344/527 kB | 0.4/7.3 MB | 69/279 kBProgress (4): 0.5/1.5 MB | 344/527 kB | 0.4/7.3 MB | 73/279 kBProgress (4): 0.5/1.5 MB | 344/527 kB | 0.4/7.3 MB | 77/279 kBProgress (4): 0.5/1.5 MB | 344/527 kB | 0.4/7.3 MB | 81/279 kBProgress (4): 0.5/1.5 MB | 344/527 kB | 0.4/7.3 MB | 86/279 kBProgress (4): 0.5/1.5 MB | 344/527 kB | 0.4/7.3 MB | 90/279 kBProgress (4): 0.5/1.5 MB | 344/527 kB | 0.4/7.3 MB | 94/279 kBProgress (4): 0.5/1.5 MB | 344/527 kB | 0.4/7.3 MB | 98/279 kBProgress (4): 0.5/1.5 MB | 344/527 kB | 0.4/7.3 MB | 102/279 kBProgress (4): 0.5/1.5 MB | 344/527 kB | 0.4/7.3 MB | 106/279 kBProgress (4): 0.5/1.5 MB | 344/527 kB | 0.4/7.3 MB | 110/279 kBProgress (4): 0.5/1.5 MB | 344/527 kB | 0.4/7.3 MB | 114/279 kBProgress (4): 0.5/1.5 MB | 344/527 kB | 0.4/7.3 MB | 114/279 kBProgress (4): 0.5/1.5 MB | 344/527 kB | 0.4/7.3 MB | 114/279 kBProgress (4): 0.5/1.5 MB | 344/527 kB | 0.4/7.3 MB | 114/279 kBProgress (4): 0.5/1.5 MB | 344/527 kB | 0.4/7.3 MB | 114/279 kBProgress (4): 0.5/1.5 MB | 348/527 kB | 0.4/7.3 MB | 114/279 kBProgress (4): 0.5/1.5 MB | 352/527 kB | 0.4/7.3 MB | 114/279 kBProgress (4): 0.5/1.5 MB | 356/527 kB | 0.4/7.3 MB | 114/279 kBProgress (4): 0.5/1.5 MB | 360/527 kB | 0.4/7.3 MB | 114/279 kBProgress (4): 0.5/1.5 MB | 364/527 kB | 0.4/7.3 MB | 114/279 kBProgress (4): 0.5/1.5 MB | 368/527 kB | 0.4/7.3 MB | 114/279 kBProgress (4): 0.5/1.5 MB | 372/527 kB | 0.4/7.3 MB | 114/279 kBProgress (4): 0.5/1.5 MB | 376/527 kB | 0.4/7.3 MB | 114/279 kBProgress (4): 0.5/1.5 MB | 376/527 kB | 0.4/7.3 MB | 118/279 kBProgress (4): 0.5/1.5 MB | 376/527 kB | 0.4/7.3 MB | 122/279 kBProgress (4): 0.5/1.5 MB | 376/527 kB | 0.4/7.3 MB | 126/279 kBProgress (4): 0.5/1.5 MB | 376/527 kB | 0.4/7.3 MB | 131/279 kBProgress (4): 0.5/1.5 MB | 376/527 kB | 0.4/7.3 MB | 135/279 kBProgress (4): 0.5/1.5 MB | 376/527 kB | 0.4/7.3 MB | 139/279 kBProgress (4): 0.5/1.5 MB | 376/527 kB | 0.4/7.3 MB | 143/279 kBProgress (4): 0.5/1.5 MB | 376/527 kB | 0.4/7.3 MB | 147/279 kBProgress (4): 0.5/1.5 MB | 376/527 kB | 0.4/7.3 MB | 151/279 kBProgress (4): 0.5/1.5 MB | 376/527 kB | 0.4/7.3 MB | 155/279 kBProgress (4): 0.5/1.5 MB | 376/527 kB | 0.4/7.3 MB | 159/279 kBProgress (4): 0.5/1.5 MB | 376/527 kB | 0.4/7.3 MB | 163/279 kBProgress (4): 0.5/1.5 MB | 376/527 kB | 0.4/7.3 MB | 163/279 kBProgress (4): 0.5/1.5 MB | 376/527 kB | 0.4/7.3 MB | 163/279 kBProgress (4): 0.5/1.5 MB | 376/527 kB | 0.4/7.3 MB | 163/279 kBProgress (4): 0.5/1.5 MB | 376/527 kB | 0.4/7.3 MB | 163/279 kBProgress (4): 0.5/1.5 MB | 376/527 kB | 0.4/7.3 MB | 163/279 kBProgress (4): 0.5/1.5 MB | 376/527 kB | 0.5/7.3 MB | 163/279 kBProgress (4): 0.5/1.5 MB | 376/527 kB | 0.5/7.3 MB | 163/279 kBProgress (4): 0.5/1.5 MB | 376/527 kB | 0.5/7.3 MB | 163/279 kBProgress (4): 0.6/1.5 MB | 376/527 kB | 0.5/7.3 MB | 163/279 kBProgress (4): 0.6/1.5 MB | 376/527 kB | 0.5/7.3 MB | 163/279 kBProgress (4): 0.6/1.5 MB | 376/527 kB | 0.5/7.3 MB | 163/279 kBProgress (4): 0.6/1.5 MB | 376/527 kB | 0.5/7.3 MB | 163/279 kBProgress (4): 0.6/1.5 MB | 376/527 kB | 0.5/7.3 MB | 163/279 kBProgress (4): 0.6/1.5 MB | 376/527 kB | 0.5/7.3 MB | 163/279 kBProgress (4): 0.6/1.5 MB | 376/527 kB | 0.5/7.3 MB | 163/279 kBProgress (4): 0.6/1.5 MB | 380/527 kB | 0.5/7.3 MB | 163/279 kBProgress (4): 0.6/1.5 MB | 385/527 kB | 0.5/7.3 MB | 163/279 kBProgress (4): 0.6/1.5 MB | 389/527 kB | 0.5/7.3 MB | 163/279 kBProgress (4): 0.6/1.5 MB | 393/527 kB | 0.5/7.3 MB | 163/279 kBProgress (4): 0.6/1.5 MB | 397/527 kB | 0.5/7.3 MB | 163/279 kBProgress (4): 0.6/1.5 MB | 401/527 kB | 0.5/7.3 MB | 163/279 kBProgress (4): 0.6/1.5 MB | 405/527 kB | 0.5/7.3 MB | 163/279 kBProgress (4): 0.6/1.5 MB | 409/527 kB | 0.5/7.3 MB | 163/279 kBProgress (4): 0.6/1.5 MB | 413/527 kB | 0.5/7.3 MB | 163/279 kBProgress (4): 0.6/1.5 MB | 417/527 kB | 0.5/7.3 MB | 163/279 kBProgress (4): 0.6/1.5 MB | 421/527 kB | 0.5/7.3 MB | 163/279 kBProgress (4): 0.6/1.5 MB | 425/527 kB | 0.5/7.3 MB | 163/279 kBProgress (4): 0.6/1.5 MB | 430/527 kB | 0.5/7.3 MB | 163/279 kBProgress (4): 0.6/1.5 MB | 434/527 kB | 0.5/7.3 MB | 163/279 kBProgress (4): 0.6/1.5 MB | 438/527 kB | 0.5/7.3 MB | 163/279 kBProgress (4): 0.6/1.5 MB | 442/527 kB | 0.5/7.3 MB | 163/279 kBProgress (4): 0.6/1.5 MB | 442/527 kB | 0.5/7.3 MB | 163/279 kBProgress (4): 0.6/1.5 MB | 442/527 kB | 0.5/7.3 MB | 163/279 kBProgress (4): 0.6/1.5 MB | 442/527 kB | 0.6/7.3 MB | 163/279 kBProgress (4): 0.6/1.5 MB | 442/527 kB | 0.6/7.3 MB | 167/279 kBProgress (4): 0.6/1.5 MB | 442/527 kB | 0.6/7.3 MB | 172/279 kBProgress (4): 0.6/1.5 MB | 442/527 kB | 0.6/7.3 MB | 176/279 kBProgress (4): 0.6/1.5 MB | 442/527 kB | 0.6/7.3 MB | 180/279 kBProgress (4): 0.6/1.5 MB | 442/527 kB | 0.6/7.3 MB | 184/279 kBProgress (4): 0.6/1.5 MB | 442/527 kB | 0.6/7.3 MB | 188/279 kBProgress (4): 0.6/1.5 MB | 442/527 kB | 0.6/7.3 MB | 192/279 kBProgress (4): 0.6/1.5 MB | 442/527 kB | 0.6/7.3 MB | 196/279 kBProgress (4): 0.6/1.5 MB | 442/527 kB | 0.6/7.3 MB | 200/279 kBProgress (4): 0.6/1.5 MB | 442/527 kB | 0.6/7.3 MB | 204/279 kBProgress (4): 0.6/1.5 MB | 442/527 kB | 0.6/7.3 MB | 208/279 kBProgress (4): 0.6/1.5 MB | 442/527 kB | 0.6/7.3 MB | 212/279 kBProgress (4): 0.6/1.5 MB | 442/527 kB | 0.6/7.3 MB | 212/279 kBProgress (4): 0.6/1.5 MB | 442/527 kB | 0.6/7.3 MB | 212/279 kBProgress (4): 0.6/1.5 MB | 442/527 kB | 0.6/7.3 MB | 212/279 kBProgress (4): 0.6/1.5 MB | 442/527 kB | 0.6/7.3 MB | 212/279 kBProgress (4): 0.6/1.5 MB | 442/527 kB | 0.6/7.3 MB | 212/279 kBProgress (4): 0.7/1.5 MB | 442/527 kB | 0.6/7.3 MB | 212/279 kBProgress (4): 0.7/1.5 MB | 446/527 kB | 0.6/7.3 MB | 212/279 kBProgress (4): 0.7/1.5 MB | 450/527 kB | 0.6/7.3 MB | 212/279 kBProgress (4): 0.7/1.5 MB | 454/527 kB | 0.6/7.3 MB | 212/279 kBProgress (4): 0.7/1.5 MB | 458/527 kB | 0.6/7.3 MB | 212/279 kBProgress (4): 0.7/1.5 MB | 462/527 kB | 0.6/7.3 MB | 212/279 kBProgress (4): 0.7/1.5 MB | 466/527 kB | 0.6/7.3 MB | 212/279 kBProgress (4): 0.7/1.5 MB | 471/527 kB | 0.6/7.3 MB | 212/279 kBProgress (4): 0.7/1.5 MB | 475/527 kB | 0.6/7.3 MB | 212/279 kBProgress (4): 0.7/1.5 MB | 479/527 kB | 0.6/7.3 MB | 212/279 kBProgress (4): 0.7/1.5 MB | 483/527 kB | 0.6/7.3 MB | 212/279 kBProgress (4): 0.7/1.5 MB | 487/527 kB | 0.6/7.3 MB | 212/279 kBProgress (4): 0.7/1.5 MB | 491/527 kB | 0.6/7.3 MB | 212/279 kBProgress (4): 0.7/1.5 MB | 495/527 kB | 0.6/7.3 MB | 212/279 kBProgress (4): 0.7/1.5 MB | 499/527 kB | 0.6/7.3 MB | 212/279 kBProgress (4): 0.7/1.5 MB | 503/527 kB | 0.6/7.3 MB | 212/279 kBProgress (4): 0.7/1.5 MB | 507/527 kB | 0.6/7.3 MB | 212/279 kBProgress (4): 0.7/1.5 MB | 507/527 kB | 0.6/7.3 MB | 217/279 kBProgress (4): 0.7/1.5 MB | 507/527 kB | 0.6/7.3 MB | 221/279 kBProgress (4): 0.7/1.5 MB | 507/527 kB | 0.6/7.3 MB | 225/279 kBProgress (4): 0.7/1.5 MB | 507/527 kB | 0.6/7.3 MB | 229/279 kBProgress (4): 0.7/1.5 MB | 507/527 kB | 0.6/7.3 MB | 233/279 kBProgress (4): 0.7/1.5 MB | 507/527 kB | 0.6/7.3 MB | 237/279 kBProgress (4): 0.7/1.5 MB | 507/527 kB | 0.6/7.3 MB | 241/279 kBProgress (4): 0.7/1.5 MB | 507/527 kB | 0.6/7.3 MB | 245/279 kBProgress (4): 0.7/1.5 MB | 507/527 kB | 0.6/7.3 MB | 249/279 kBProgress (4): 0.7/1.5 MB | 507/527 kB | 0.6/7.3 MB | 249/279 kBProgress (4): 0.7/1.5 MB | 507/527 kB | 0.7/7.3 MB | 249/279 kBProgress (4): 0.7/1.5 MB | 507/527 kB | 0.7/7.3 MB | 249/279 kBProgress (4): 0.7/1.5 MB | 507/527 kB | 0.7/7.3 MB | 249/279 kBProgress (4): 0.7/1.5 MB | 507/527 kB | 0.7/7.3 MB | 249/279 kBProgress (4): 0.7/1.5 MB | 507/527 kB | 0.7/7.3 MB | 249/279 kBProgress (4): 0.7/1.5 MB | 507/527 kB | 0.7/7.3 MB | 249/279 kBProgress (4): 0.7/1.5 MB | 507/527 kB | 0.7/7.3 MB | 249/279 kBProgress (4): 0.7/1.5 MB | 507/527 kB | 0.7/7.3 MB | 253/279 kBProgress (4): 0.7/1.5 MB | 507/527 kB | 0.7/7.3 MB | 258/279 kBProgress (4): 0.7/1.5 MB | 507/527 kB | 0.7/7.3 MB | 262/279 kBProgress (4): 0.7/1.5 MB | 507/527 kB | 0.7/7.3 MB | 266/279 kBProgress (4): 0.7/1.5 MB | 507/527 kB | 0.7/7.3 MB | 270/279 kBProgress (4): 0.7/1.5 MB | 507/527 kB | 0.7/7.3 MB | 274/279 kBProgress (4): 0.7/1.5 MB | 507/527 kB | 0.7/7.3 MB | 278/279 kBProgress (4): 0.7/1.5 MB | 512/527 kB | 0.7/7.3 MB | 278/279 kBProgress (4): 0.7/1.5 MB | 516/527 kB | 0.7/7.3 MB | 278/279 kBProgress (4): 0.7/1.5 MB | 520/527 kB | 0.7/7.3 MB | 278/279 kBProgress (4): 0.7/1.5 MB | 524/527 kB | 0.7/7.3 MB | 278/279 kBProgress (4): 0.7/1.5 MB | 527 kB | 0.7/7.3 MB | 278/279 kB    Progress (4): 0.7/1.5 MB | 527 kB | 0.7/7.3 MB | 278/279 kBProgress (4): 0.7/1.5 MB | 527 kB | 0.7/7.3 MB | 278/279 kBProgress (4): 0.7/1.5 MB | 527 kB | 0.7/7.3 MB | 278/279 kBProgress (4): 0.7/1.5 MB | 527 kB | 0.7/7.3 MB | 278/279 kBProgress (4): 0.7/1.5 MB | 527 kB | 0.7/7.3 MB | 278/279 kBProgress (4): 0.7/1.5 MB | 527 kB | 0.7/7.3 MB | 278/279 kBProgress (4): 0.7/1.5 MB | 527 kB | 0.7/7.3 MB | 278/279 kBProgress (4): 0.8/1.5 MB | 527 kB | 0.7/7.3 MB | 278/279 kBProgress (4): 0.8/1.5 MB | 527 kB | 0.7/7.3 MB | 278/279 kBProgress (4): 0.8/1.5 MB | 527 kB | 0.7/7.3 MB | 278/279 kBProgress (4): 0.8/1.5 MB | 527 kB | 0.7/7.3 MB | 278/279 kBProgress (4): 0.8/1.5 MB | 527 kB | 0.7/7.3 MB | 278/279 kBProgress (4): 0.8/1.5 MB | 527 kB | 0.7/7.3 MB | 278/279 kBProgress (4): 0.8/1.5 MB | 527 kB | 0.7/7.3 MB | 278/279 kBProgress (4): 0.8/1.5 MB | 527 kB | 0.7/7.3 MB | 278/279 kBProgress (4): 0.8/1.5 MB | 527 kB | 0.7/7.3 MB | 278/279 kB                                                           Downloaded from central: https://repo.maven.apache.org/maven2/org/easyb/easyb-core/1.6/easyb-core-1.6.jar (527 kB at 1.1 MB/s)
Progress (3): 0.8/1.5 MB | 0.7/7.3 MB | 279 kBProgress (3): 0.8/1.5 MB | 0.8/7.3 MB | 279 kB                                              Downloaded from central: https://repo.maven.apache.org/maven2/commons-lang/commons-lang/2.5/commons-lang-2.5.jar (279 kB at 574 kB/s)
Progress (2): 0.8/1.5 MB | 0.8/7.3 MBProgress (2): 0.8/1.5 MB | 0.8/7.3 MBProgress (2): 0.8/1.5 MB | 0.8/7.3 MBProgress (2): 0.8/1.5 MB | 0.8/7.3 MBProgress (2): 0.9/1.5 MB | 0.8/7.3 MBProgress (2): 0.9/1.5 MB | 0.9/7.3 MBProgress (2): 0.9/1.5 MB | 0.9/7.3 MBProgress (2): 0.9/1.5 MB | 0.9/7.3 MBProgress (2): 0.9/1.5 MB | 0.9/7.3 MBProgress (2): 0.9/1.5 MB | 0.9/7.3 MBProgress (2): 0.9/1.5 MB | 0.9/7.3 MBProgress (2): 0.9/1.5 MB | 0.9/7.3 MBProgress (2): 0.9/1.5 MB | 0.9/7.3 MBProgress (2): 0.9/1.5 MB | 0.9/7.3 MBProgress (2): 0.9/1.5 MB | 0.9/7.3 MBProgress (2): 0.9/1.5 MB | 0.9/7.3 MBProgress (2): 0.9/1.5 MB | 1.0/7.3 MBProgress (2): 0.9/1.5 MB | 1.0/7.3 MBProgress (2): 0.9/1.5 MB | 1.0/7.3 MBProgress (2): 0.9/1.5 MB | 1.0/7.3 MBProgress (2): 0.9/1.5 MB | 1.0/7.3 MBProgress (2): 1.0/1.5 MB | 1.0/7.3 MBProgress (2): 1.0/1.5 MB | 1.0/7.3 MBProgress (2): 1.0/1.5 MB | 1.0/7.3 MBProgress (2): 1.0/1.5 MB | 1.0/7.3 MBProgress (2): 1.0/1.5 MB | 1.0/7.3 MBProgress (2): 1.0/1.5 MB | 1.1/7.3 MBProgress (2): 1.0/1.5 MB | 1.1/7.3 MBProgress (2): 1.0/1.5 MB | 1.1/7.3 MBProgress (2): 1.0/1.5 MB | 1.1/7.3 MBProgress (2): 1.0/1.5 MB | 1.1/7.3 MBProgress (2): 1.0/1.5 MB | 1.1/7.3 MBProgress (2): 1.0/1.5 MB | 1.1/7.3 MBProgress (2): 1.0/1.5 MB | 1.1/7.3 MBProgress (2): 1.0/1.5 MB | 1.1/7.3 MBProgress (2): 1.1/1.5 MB | 1.1/7.3 MBProgress (2): 1.1/1.5 MB | 1.1/7.3 MBProgress (2): 1.1/1.5 MB | 1.1/7.3 MBProgress (2): 1.1/1.5 MB | 1.1/7.3 MBProgress (2): 1.1/1.5 MB | 1.1/7.3 MBProgress (2): 1.1/1.5 MB | 1.1/7.3 MBProgress (2): 1.1/1.5 MB | 1.1/7.3 MBProgress (2): 1.1/1.5 MB | 1.1/7.3 MBProgress (2): 1.1/1.5 MB | 1.1/7.3 MBProgress (2): 1.1/1.5 MB | 1.1/7.3 MBProgress (2): 1.1/1.5 MB | 1.1/7.3 MBProgress (2): 1.1/1.5 MB | 1.1/7.3 MBProgress (2): 1.1/1.5 MB | 1.1/7.3 MBProgress (2): 1.1/1.5 MB | 1.1/7.3 MBProgress (2): 1.2/1.5 MB | 1.1/7.3 MBProgress (2): 1.2/1.5 MB | 1.2/7.3 MBProgress (2): 1.2/1.5 MB | 1.2/7.3 MBProgress (2): 1.2/1.5 MB | 1.3/7.3 MBProgress (2): 1.2/1.5 MB | 1.3/7.3 MBProgress (2): 1.2/1.5 MB | 1.3/7.3 MBProgress (2): 1.2/1.5 MB | 1.3/7.3 MBProgress (2): 1.2/1.5 MB | 1.3/7.3 MBProgress (2): 1.2/1.5 MB | 1.3/7.3 MBProgress (2): 1.2/1.5 MB | 1.3/7.3 MBProgress (2): 1.2/1.5 MB | 1.3/7.3 MBProgress (2): 1.2/1.5 MB | 1.3/7.3 MBProgress (2): 1.2/1.5 MB | 1.4/7.3 MBProgress (2): 1.2/1.5 MB | 1.4/7.3 MBProgress (2): 1.2/1.5 MB | 1.4/7.3 MBProgress (2): 1.2/1.5 MB | 1.4/7.3 MBProgress (2): 1.2/1.5 MB | 1.4/7.3 MBProgress (2): 1.2/1.5 MB | 1.4/7.3 MBProgress (2): 1.3/1.5 MB | 1.4/7.3 MBProgress (2): 1.3/1.5 MB | 1.4/7.3 MBProgress (2): 1.3/1.5 MB | 1.4/7.3 MBProgress (2): 1.3/1.5 MB | 1.4/7.3 MBProgress (2): 1.3/1.5 MB | 1.4/7.3 MBProgress (2): 1.3/1.5 MB | 1.4/7.3 MBProgress (2): 1.3/1.5 MB | 1.4/7.3 MBProgress (2): 1.3/1.5 MB | 1.4/7.3 MBProgress (2): 1.3/1.5 MB | 1.4/7.3 MBProgress (2): 1.3/1.5 MB | 1.4/7.3 MBProgress (2): 1.3/1.5 MB | 1.4/7.3 MBProgress (2): 1.3/1.5 MB | 1.4/7.3 MBProgress (2): 1.3/1.5 MB | 1.4/7.3 MBProgress (2): 1.4/1.5 MB | 1.4/7.3 MBProgress (2): 1.4/1.5 MB | 1.5/7.3 MBProgress (2): 1.4/1.5 MB | 1.5/7.3 MBProgress (2): 1.4/1.5 MB | 1.6/7.3 MBProgress (2): 1.4/1.5 MB | 1.6/7.3 MBProgress (2): 1.4/1.5 MB | 1.6/7.3 MBProgress (2): 1.4/1.5 MB | 1.6/7.3 MBProgress (2): 1.4/1.5 MB | 1.6/7.3 MBProgress (2): 1.4/1.5 MB | 1.6/7.3 MBProgress (2): 1.4/1.5 MB | 1.6/7.3 MBProgress (2): 1.4/1.5 MB | 1.6/7.3 MBProgress (2): 1.4/1.5 MB | 1.6/7.3 MBProgress (2): 1.4/1.5 MB | 1.6/7.3 MBProgress (2): 1.4/1.5 MB | 1.6/7.3 MBProgress (2): 1.4/1.5 MB | 1.6/7.3 MBProgress (2): 1.4/1.5 MB | 1.6/7.3 MBProgress (2): 1.4/1.5 MB | 1.6/7.3 MBProgress (2): 1.5/1.5 MB | 1.6/7.3 MBProgress (2): 1.5/1.5 MB | 1.6/7.3 MBProgress (2): 1.5/1.5 MB | 1.6/7.3 MBProgress (2): 1.5/1.5 MB | 1.6/7.3 MBProgress (2): 1.5/1.5 MB | 1.6/7.3 MBProgress (2): 1.5/1.5 MB | 1.6/7.3 MBProgress (2): 1.5/1.5 MB | 1.6/7.3 MBProgress (2): 1.5 MB | 1.6/7.3 MB    Progress (2): 1.5 MB | 1.6/7.3 MBProgress (2): 1.5 MB | 1.7/7.3 MB                                 Downloaded from central: https://repo.maven.apache.org/maven2/org/apache/ant/ant/1.8.1/ant-1.8.1.jar (1.5 MB at 1.8 MB/s)
Progress (1): 1.7/7.3 MBProgress (1): 1.8/7.3 MBProgress (1): 1.8/7.3 MBProgress (1): 1.8/7.3 MBProgress (1): 1.9/7.3 MBProgress (1): 1.9/7.3 MBProgress (1): 2.0/7.3 MBProgress (1): 2.0/7.3 MBProgress (1): 2.0/7.3 MBProgress (1): 2.1/7.3 MBProgress (1): 2.1/7.3 MBProgress (1): 2.2/7.3 MBProgress (1): 2.2/7.3 MBProgress (1): 2.3/7.3 MBProgress (1): 2.3/7.3 MBProgress (1): 2.3/7.3 MBProgress (1): 2.4/7.3 MBProgress (1): 2.4/7.3 MBProgress (1): 2.5/7.3 MBProgress (1): 2.5/7.3 MBProgress (1): 2.5/7.3 MBProgress (1): 2.6/7.3 MBProgress (1): 2.6/7.3 MBProgress (1): 2.7/7.3 MBProgress (1): 2.7/7.3 MBProgress (1): 2.7/7.3 MBProgress (1): 2.8/7.3 MBProgress (1): 2.8/7.3 MBProgress (1): 2.9/7.3 MBProgress (1): 2.9/7.3 MBProgress (1): 2.9/7.3 MBProgress (1): 3.0/7.3 MBProgress (1): 3.0/7.3 MBProgress (1): 3.1/7.3 MBProgress (1): 3.1/7.3 MBProgress (1): 3.2/7.3 MBProgress (1): 3.2/7.3 MBProgress (1): 3.2/7.3 MBProgress (1): 3.3/7.3 MBProgress (1): 3.3/7.3 MBProgress (1): 3.4/7.3 MBProgress (1): 3.4/7.3 MBProgress (1): 3.4/7.3 MBProgress (1): 3.5/7.3 MBProgress (1): 3.5/7.3 MBProgress (1): 3.6/7.3 MBProgress (1): 3.6/7.3 MBProgress (1): 3.6/7.3 MBProgress (1): 3.7/7.3 MBProgress (1): 3.7/7.3 MBProgress (1): 3.8/7.3 MBProgress (1): 3.8/7.3 MBProgress (1): 3.8/7.3 MBProgress (1): 3.9/7.3 MBProgress (1): 3.9/7.3 MBProgress (1): 4.0/7.3 MBProgress (1): 4.0/7.3 MBProgress (1): 4.1/7.3 MBProgress (1): 4.1/7.3 MBProgress (1): 4.1/7.3 MBProgress (1): 4.2/7.3 MBProgress (1): 4.2/7.3 MBProgress (1): 4.3/7.3 MBProgress (1): 4.3/7.3 MBProgress (1): 4.3/7.3 MBProgress (1): 4.4/7.3 MBProgress (1): 4.4/7.3 MBProgress (1): 4.5/7.3 MBProgress (1): 4.5/7.3 MBProgress (1): 4.5/7.3 MBProgress (1): 4.6/7.3 MBProgress (1): 4.6/7.3 MBProgress (1): 4.7/7.3 MBProgress (1): 4.7/7.3 MBProgress (1): 4.8/7.3 MBProgress (1): 4.8/7.3 MBProgress (1): 4.8/7.3 MBProgress (1): 4.9/7.3 MBProgress (1): 4.9/7.3 MBProgress (1): 5.0/7.3 MBProgress (1): 5.0/7.3 MBProgress (1): 5.0/7.3 MBProgress (1): 5.1/7.3 MBProgress (1): 5.1/7.3 MBProgress (1): 5.2/7.3 MBProgress (1): 5.2/7.3 MBProgress (1): 5.2/7.3 MBProgress (1): 5.3/7.3 MBProgress (1): 5.3/7.3 MBProgress (1): 5.4/7.3 MBProgress (1): 5.4/7.3 MBProgress (1): 5.4/7.3 MBProgress (1): 5.5/7.3 MBProgress (1): 5.5/7.3 MBProgress (1): 5.6/7.3 MBProgress (1): 5.6/7.3 MBProgress (1): 5.7/7.3 MBProgress (1): 5.7/7.3 MBProgress (1): 5.7/7.3 MBProgress (1): 5.8/7.3 MBProgress (1): 5.8/7.3 MBProgress (1): 5.9/7.3 MBProgress (1): 5.9/7.3 MBProgress (1): 5.9/7.3 MBProgress (1): 6.0/7.3 MBProgress (1): 6.0/7.3 MBProgress (1): 6.1/7.3 MBProgress (1): 6.1/7.3 MBProgress (1): 6.1/7.3 MBProgress (1): 6.2/7.3 MBProgress (1): 6.2/7.3 MBProgress (1): 6.3/7.3 MBProgress (1): 6.3/7.3 MBProgress (1): 6.3/7.3 MBProgress (1): 6.4/7.3 MBProgress (1): 6.4/7.3 MBProgress (1): 6.5/7.3 MBProgress (1): 6.5/7.3 MBProgress (1): 6.5/7.3 MBProgress (1): 6.6/7.3 MBProgress (1): 6.6/7.3 MBProgress (1): 6.7/7.3 MBProgress (1): 6.7/7.3 MBProgress (1): 6.8/7.3 MBProgress (1): 6.8/7.3 MBProgress (1): 6.8/7.3 MBProgress (1): 6.9/7.3 MBProgress (1): 6.9/7.3 MBProgress (1): 7.0/7.3 MBProgress (1): 7.0/7.3 MBProgress (1): 7.0/7.3 MBProgress (1): 7.1/7.3 MBProgress (1): 7.1/7.3 MBProgress (1): 7.2/7.3 MBProgress (1): 7.2/7.3 MBProgress (1): 7.2/7.3 MBProgress (1): 7.3 MB                        Downloaded from central: https://repo.maven.apache.org/maven2/org/codehaus/groovy/groovy-all/2.3.6/groovy-all-2.3.6.jar (7.3 MB at 4.2 MB/s)
[INFO] /home/jenkins/workspace/2_mvn-testing/src/test/stories does not exists.  Skipping easyb testing
[INFO] 
[INFO] --------------< com.wakaleo.gameoflife:gameoflife-build >---------------
[INFO] Building gameoflife-build 1.0-SNAPSHOT                             [2/4]
[INFO] --------------------------------[ jar ]---------------------------------
[INFO] 
[8mha:////4PRLbbxp59Vs5gBn4eGEGzRL/dWLitGYdHRA3k5rmXNMAAAAYB+LCAAAAAAAAP9b85aBtbiIQSmjNKU4P0+vJLE4u1gvPjexLDVPzxdEGvvmZ+X75ZekLlOVfvTjc8FPJgaGiiIGKaiG5Py84vycVD1nCA1SyAABjCCFBQCV27OjYAAAAA==[0m[INFO] --- maven-clean-plugin:2.5:clean (default-clean) @ gameoflife-build ---
[INFO] 
[8mha:////4PRLbbxp59Vs5gBn4eGEGzRL/dWLitGYdHRA3k5rmXNMAAAAYB+LCAAAAAAAAP9b85aBtbiIQSmjNKU4P0+vJLE4u1gvPjexLDVPzxdEGvvmZ+X75ZekLlOVfvTjc8FPJgaGiiIGKaiG5Py84vycVD1nCA1SyAABjCCFBQCV27OjYAAAAA==[0m[INFO] --- maven-enforcer-plugin:1.0:enforce (enforce-versions) @ gameoflife-build ---
[INFO] 
[8mha:////4PRLbbxp59Vs5gBn4eGEGzRL/dWLitGYdHRA3k5rmXNMAAAAYB+LCAAAAAAAAP9b85aBtbiIQSmjNKU4P0+vJLE4u1gvPjexLDVPzxdEGvvmZ+X75ZekLlOVfvTjc8FPJgaGiiIGKaiG5Py84vycVD1nCA1SyAABjCCFBQCV27OjYAAAAA==[0m[INFO] --- maven-resources-plugin:2.6:resources (default-resources) @ gameoflife-build ---
[INFO] Using 'UTF-8' encoding to copy filtered resources.
[INFO] Copying 2 resources
[INFO] 
[8mha:////4PRLbbxp59Vs5gBn4eGEGzRL/dWLitGYdHRA3k5rmXNMAAAAYB+LCAAAAAAAAP9b85aBtbiIQSmjNKU4P0+vJLE4u1gvPjexLDVPzxdEGvvmZ+X75ZekLlOVfvTjc8FPJgaGiiIGKaiG5Py84vycVD1nCA1SyAABjCCFBQCV27OjYAAAAA==[0m[INFO] --- jacoco-maven-plugin:0.7.2.201409121644:prepare-agent (jacoco-initialize) @ gameoflife-build ---
[INFO] argLine set to -javaagent:/home/jenkins/.m2/repository/org/jacoco/org.jacoco.agent/0.7.2.201409121644/org.jacoco.agent-0.7.2.201409121644-runtime.jar=destfile=/home/jenkins/workspace/2_mvn-testing/gameoflife-build/target/jacoco.exec
[INFO] 
[8mha:////4PRLbbxp59Vs5gBn4eGEGzRL/dWLitGYdHRA3k5rmXNMAAAAYB+LCAAAAAAAAP9b85aBtbiIQSmjNKU4P0+vJLE4u1gvPjexLDVPzxdEGvvmZ+X75ZekLlOVfvTjc8FPJgaGiiIGKaiG5Py84vycVD1nCA1SyAABjCCFBQCV27OjYAAAAA==[0m[INFO] --- maven-compiler-plugin:3.1:compile (default-compile) @ gameoflife-build ---
[INFO] No sources to compile
[INFO] 
[8mha:////4PRLbbxp59Vs5gBn4eGEGzRL/dWLitGYdHRA3k5rmXNMAAAAYB+LCAAAAAAAAP9b85aBtbiIQSmjNKU4P0+vJLE4u1gvPjexLDVPzxdEGvvmZ+X75ZekLlOVfvTjc8FPJgaGiiIGKaiG5Py84vycVD1nCA1SyAABjCCFBQCV27OjYAAAAA==[0m[INFO] --- maven-resources-plugin:2.6:testResources (default-testResources) @ gameoflife-build ---
[INFO] Using 'UTF-8' encoding to copy filtered resources.
[INFO] skip non existing resourceDirectory /home/jenkins/workspace/2_mvn-testing/gameoflife-build/src/test/resources
[INFO] 
[8mha:////4PRLbbxp59Vs5gBn4eGEGzRL/dWLitGYdHRA3k5rmXNMAAAAYB+LCAAAAAAAAP9b85aBtbiIQSmjNKU4P0+vJLE4u1gvPjexLDVPzxdEGvvmZ+X75ZekLlOVfvTjc8FPJgaGiiIGKaiG5Py84vycVD1nCA1SyAABjCCFBQCV27OjYAAAAA==[0m[INFO] --- maven-compiler-plugin:3.1:testCompile (default-testCompile) @ gameoflife-build ---
[INFO] No sources to compile
[INFO] 
[8mha:////4PRLbbxp59Vs5gBn4eGEGzRL/dWLitGYdHRA3k5rmXNMAAAAYB+LCAAAAAAAAP9b85aBtbiIQSmjNKU4P0+vJLE4u1gvPjexLDVPzxdEGvvmZ+X75ZekLlOVfvTjc8FPJgaGiiIGKaiG5Py84vycVD1nCA1SyAABjCCFBQCV27OjYAAAAA==[0m[INFO] --- maven-surefire-plugin:2.11:test (default-test) @ gameoflife-build ---
[INFO] Tests are skipped.
[INFO] 
[8mha:////4PRLbbxp59Vs5gBn4eGEGzRL/dWLitGYdHRA3k5rmXNMAAAAYB+LCAAAAAAAAP9b85aBtbiIQSmjNKU4P0+vJLE4u1gvPjexLDVPzxdEGvvmZ+X75ZekLlOVfvTjc8FPJgaGiiIGKaiG5Py84vycVD1nCA1SyAABjCCFBQCV27OjYAAAAA==[0m[INFO] --- maven-surefire-plugin:2.11:test (unit-tests) @ gameoflife-build ---
[INFO] No tests to run.
[INFO] Surefire report directory: /home/jenkins/workspace/2_mvn-testing/gameoflife-build/target/surefire-reports

-------------------------------------------------------
 T E S T S
-------------------------------------------------------

Results :

Tests run: 0, Failures: 0, Errors: 0, Skipped: 0

[INFO] 
[8mha:////4PRLbbxp59Vs5gBn4eGEGzRL/dWLitGYdHRA3k5rmXNMAAAAYB+LCAAAAAAAAP9b85aBtbiIQSmjNKU4P0+vJLE4u1gvPjexLDVPzxdEGvvmZ+X75ZekLlOVfvTjc8FPJgaGiiIGKaiG5Py84vycVD1nCA1SyAABjCCFBQCV27OjYAAAAA==[0m[INFO] --- maven-easyb-plugin:1.4:test (default) @ gameoflife-build ---
[INFO] /home/jenkins/workspace/2_mvn-testing/gameoflife-build/src/test/stories does not exists.  Skipping easyb testing
[INFO] 
[INFO] ---------------< com.wakaleo.gameoflife:gameoflife-core >---------------
[INFO] Building gameoflife-core 1.0-SNAPSHOT                              [3/4]
[INFO] --------------------------------[ jar ]---------------------------------
[INFO] 
[8mha:////4PRLbbxp59Vs5gBn4eGEGzRL/dWLitGYdHRA3k5rmXNMAAAAYB+LCAAAAAAAAP9b85aBtbiIQSmjNKU4P0+vJLE4u1gvPjexLDVPzxdEGvvmZ+X75ZekLlOVfvTjc8FPJgaGiiIGKaiG5Py84vycVD1nCA1SyAABjCCFBQCV27OjYAAAAA==[0m[INFO] --- maven-clean-plugin:2.5:clean (default-clean) @ gameoflife-core ---
[INFO] 
[8mha:////4PRLbbxp59Vs5gBn4eGEGzRL/dWLitGYdHRA3k5rmXNMAAAAYB+LCAAAAAAAAP9b85aBtbiIQSmjNKU4P0+vJLE4u1gvPjexLDVPzxdEGvvmZ+X75ZekLlOVfvTjc8FPJgaGiiIGKaiG5Py84vycVD1nCA1SyAABjCCFBQCV27OjYAAAAA==[0m[INFO] --- maven-enforcer-plugin:1.0:enforce (enforce-versions) @ gameoflife-core ---
[INFO] 
[8mha:////4PRLbbxp59Vs5gBn4eGEGzRL/dWLitGYdHRA3k5rmXNMAAAAYB+LCAAAAAAAAP9b85aBtbiIQSmjNKU4P0+vJLE4u1gvPjexLDVPzxdEGvvmZ+X75ZekLlOVfvTjc8FPJgaGiiIGKaiG5Py84vycVD1nCA1SyAABjCCFBQCV27OjYAAAAA==[0m[INFO] --- maven-resources-plugin:2.6:resources (default-resources) @ gameoflife-core ---
[INFO] Using 'UTF-8' encoding to copy filtered resources.
[INFO] skip non existing resourceDirectory /home/jenkins/workspace/2_mvn-testing/gameoflife-core/src/main/resources
[INFO] 
[8mha:////4PRLbbxp59Vs5gBn4eGEGzRL/dWLitGYdHRA3k5rmXNMAAAAYB+LCAAAAAAAAP9b85aBtbiIQSmjNKU4P0+vJLE4u1gvPjexLDVPzxdEGvvmZ+X75ZekLlOVfvTjc8FPJgaGiiIGKaiG5Py84vycVD1nCA1SyAABjCCFBQCV27OjYAAAAA==[0m[INFO] --- jacoco-maven-plugin:0.7.2.201409121644:prepare-agent (jacoco-initialize) @ gameoflife-core ---
[INFO] argLine set to -javaagent:/home/jenkins/.m2/repository/org/jacoco/org.jacoco.agent/0.7.2.201409121644/org.jacoco.agent-0.7.2.201409121644-runtime.jar=destfile=/home/jenkins/workspace/2_mvn-testing/gameoflife-core/target/jacoco.exec
[INFO] 
[8mha:////4PRLbbxp59Vs5gBn4eGEGzRL/dWLitGYdHRA3k5rmXNMAAAAYB+LCAAAAAAAAP9b85aBtbiIQSmjNKU4P0+vJLE4u1gvPjexLDVPzxdEGvvmZ+X75ZekLlOVfvTjc8FPJgaGiiIGKaiG5Py84vycVD1nCA1SyAABjCCFBQCV27OjYAAAAA==[0m[INFO] --- maven-compiler-plugin:3.1:compile (default-compile) @ gameoflife-core ---
[INFO] Changes detected - recompiling the module!
[INFO] Compiling 5 source files to /home/jenkins/workspace/2_mvn-testing/gameoflife-core/target/classes
[INFO] 
[8mha:////4PRLbbxp59Vs5gBn4eGEGzRL/dWLitGYdHRA3k5rmXNMAAAAYB+LCAAAAAAAAP9b85aBtbiIQSmjNKU4P0+vJLE4u1gvPjexLDVPzxdEGvvmZ+X75ZekLlOVfvTjc8FPJgaGiiIGKaiG5Py84vycVD1nCA1SyAABjCCFBQCV27OjYAAAAA==[0m[INFO] --- maven-resources-plugin:2.6:testResources (default-testResources) @ gameoflife-core ---
[INFO] Using 'UTF-8' encoding to copy filtered resources.
[INFO] skip non existing resourceDirectory /home/jenkins/workspace/2_mvn-testing/gameoflife-core/src/test/resources
[INFO] 
[8mha:////4PRLbbxp59Vs5gBn4eGEGzRL/dWLitGYdHRA3k5rmXNMAAAAYB+LCAAAAAAAAP9b85aBtbiIQSmjNKU4P0+vJLE4u1gvPjexLDVPzxdEGvvmZ+X75ZekLlOVfvTjc8FPJgaGiiIGKaiG5Py84vycVD1nCA1SyAABjCCFBQCV27OjYAAAAA==[0m[INFO] --- maven-compiler-plugin:3.1:testCompile (default-testCompile) @ gameoflife-core ---
[INFO] Changes detected - recompiling the module!
[INFO] Compiling 10 source files to /home/jenkins/workspace/2_mvn-testing/gameoflife-core/target/test-classes
[INFO] 
[8mha:////4PRLbbxp59Vs5gBn4eGEGzRL/dWLitGYdHRA3k5rmXNMAAAAYB+LCAAAAAAAAP9b85aBtbiIQSmjNKU4P0+vJLE4u1gvPjexLDVPzxdEGvvmZ+X75ZekLlOVfvTjc8FPJgaGiiIGKaiG5Py84vycVD1nCA1SyAABjCCFBQCV27OjYAAAAA==[0m[INFO] --- maven-surefire-plugin:2.11:test (default-test) @ gameoflife-core ---
[INFO] Tests are skipped.
[INFO] 
[8mha:////4PRLbbxp59Vs5gBn4eGEGzRL/dWLitGYdHRA3k5rmXNMAAAAYB+LCAAAAAAAAP9b85aBtbiIQSmjNKU4P0+vJLE4u1gvPjexLDVPzxdEGvvmZ+X75ZekLlOVfvTjc8FPJgaGiiIGKaiG5Py84vycVD1nCA1SyAABjCCFBQCV27OjYAAAAA==[0m[INFO] --- maven-surefire-plugin:2.11:test (unit-tests) @ gameoflife-core ---
[INFO] Surefire report directory: /home/jenkins/workspace/2_mvn-testing/gameoflife-core/target/surefire-reports

-------------------------------------------------------
 T E S T S
-------------------------------------------------------
Running com.wakaleo.gameoflife.domain.WhenYouPrintAGrid
Tests run: 3, Failures: 0, Errors: 0, Skipped: 0, Time elapsed: 0.224 sec
Running com.wakaleo.gameoflife.domain.WhenYouReadAGridFromAString
Tests run: 8, Failures: 0, Errors: 0, Skipped: 0, Time elapsed: 0.018 sec
Running com.wakaleo.gameoflife.domain.WhenYouCreateACell
Tests run: 6, Failures: 0, Errors: 0, Skipped: 0, Time elapsed: 0.017 sec
Running com.wakaleo.gameoflife.domain.WhenYouCreateANewUniverse
Tests run: 11, Failures: 0, Errors: 0, Skipped: 0, Time elapsed: 0.031 sec
Running com.wakaleo.gameoflife.domain.WhenYouCreateAGrid
Tests run: 16, Failures: 0, Errors: 0, Skipped: 0, Time elapsed: 0.038 sec
Running com.wakaleo.gameoflife.domain.WhenYouPlayTheGameOfLife
Tests run: 5, Failures: 0, Errors: 0, Skipped: 0, Time elapsed: 0.016 sec

Results :

Tests run: 49, Failures: 0, Errors: 0, Skipped: 0

[INFO] 
[8mha:////4PRLbbxp59Vs5gBn4eGEGzRL/dWLitGYdHRA3k5rmXNMAAAAYB+LCAAAAAAAAP9b85aBtbiIQSmjNKU4P0+vJLE4u1gvPjexLDVPzxdEGvvmZ+X75ZekLlOVfvTjc8FPJgaGiiIGKaiG5Py84vycVD1nCA1SyAABjCCFBQCV27OjYAAAAA==[0m[INFO] --- maven-easyb-plugin:1.4:test (default) @ gameoflife-core ---
[INFO] artifact org.easyb:easyb-composite-groovy: checking for updates from central
[INFO] artifact org.easyb:easyb-ast: checking for updates from central
[INFO] Using easyb dependency org.easyb:easyb-core:jar:1.6:compile
[INFO] Using easyb dependency org.easyb:easyb-composite-groovy:pom:1.2:compile
[INFO] Using easyb dependency org.codehaus.groovy:groovy-all:jar:2.3.6:compile
[INFO] Using easyb dependency org.easyb:easyb-ast:jar:1.1:compile
[INFO] Using easyb dependency commons-cli:commons-cli:jar:1.2:compile
[INFO] Using easyb dependency commons-lang:commons-lang:jar:2.5:compile
     [java] Running counting things story (/home/jenkins/workspace/2_mvn-testing/gameoflife-core/src/test/stories/CountingThings.story)
     [java] Scenarios run: 1, Failures: 0, Pending: 0, Time elapsed: 0.789 sec
     [java] Running multiplying things story (/home/jenkins/workspace/2_mvn-testing/gameoflife-core/src/test/stories/MultiplyingThings.story)
     [java] Scenarios run: 1, Failures: 0, Pending: 1, Time elapsed: 0.065 sec
     [java] 2 total behaviors ran with no failures
     [java] Writing JUnit report to /home/jenkins/workspace/2_mvn-testing/gameoflife-core/target/surefire-reports/TEST-behavior.CountingThings.xml
     [java] JUnit report written to /home/jenkins/workspace/2_mvn-testing/gameoflife-core/target/surefire-reports/TEST-behavior.CountingThings.xml
     [java] Writing JUnit report to /home/jenkins/workspace/2_mvn-testing/gameoflife-core/target/surefire-reports/TEST-behavior.MultiplyingThings.xml
     [java] JUnit report written to /home/jenkins/workspace/2_mvn-testing/gameoflife-core/target/surefire-reports/TEST-behavior.MultiplyingThings.xml
[INFO] 
[INFO] ---------------< com.wakaleo.gameoflife:gameoflife-web >----------------
[INFO] Building gameoflife-web 1.0-SNAPSHOT                               [4/4]
[INFO] --------------------------------[ war ]---------------------------------
[INFO] 
[8mha:////4PRLbbxp59Vs5gBn4eGEGzRL/dWLitGYdHRA3k5rmXNMAAAAYB+LCAAAAAAAAP9b85aBtbiIQSmjNKU4P0+vJLE4u1gvPjexLDVPzxdEGvvmZ+X75ZekLlOVfvTjc8FPJgaGiiIGKaiG5Py84vycVD1nCA1SyAABjCCFBQCV27OjYAAAAA==[0m[INFO] --- maven-clean-plugin:2.5:clean (default-clean) @ gameoflife-web ---
[INFO] 
[8mha:////4PRLbbxp59Vs5gBn4eGEGzRL/dWLitGYdHRA3k5rmXNMAAAAYB+LCAAAAAAAAP9b85aBtbiIQSmjNKU4P0+vJLE4u1gvPjexLDVPzxdEGvvmZ+X75ZekLlOVfvTjc8FPJgaGiiIGKaiG5Py84vycVD1nCA1SyAABjCCFBQCV27OjYAAAAA==[0m[INFO] --- maven-enforcer-plugin:1.0:enforce (enforce-versions) @ gameoflife-web ---
[INFO] 
[8mha:////4PRLbbxp59Vs5gBn4eGEGzRL/dWLitGYdHRA3k5rmXNMAAAAYB+LCAAAAAAAAP9b85aBtbiIQSmjNKU4P0+vJLE4u1gvPjexLDVPzxdEGvvmZ+X75ZekLlOVfvTjc8FPJgaGiiIGKaiG5Py84vycVD1nCA1SyAABjCCFBQCV27OjYAAAAA==[0m[INFO] --- maven-resources-plugin:2.6:resources (default-resources) @ gameoflife-web ---
[INFO] Using 'UTF-8' encoding to copy filtered resources.
[INFO] Copying 1 resource
[INFO] 
[8mha:////4PRLbbxp59Vs5gBn4eGEGzRL/dWLitGYdHRA3k5rmXNMAAAAYB+LCAAAAAAAAP9b85aBtbiIQSmjNKU4P0+vJLE4u1gvPjexLDVPzxdEGvvmZ+X75ZekLlOVfvTjc8FPJgaGiiIGKaiG5Py84vycVD1nCA1SyAABjCCFBQCV27OjYAAAAA==[0m[INFO] --- jacoco-maven-plugin:0.7.2.201409121644:prepare-agent (jacoco-initialize) @ gameoflife-web ---
[INFO] argLine set to -javaagent:/home/jenkins/.m2/repository/org/jacoco/org.jacoco.agent/0.7.2.201409121644/org.jacoco.agent-0.7.2.201409121644-runtime.jar=destfile=/home/jenkins/workspace/2_mvn-testing/gameoflife-web/target/jacoco.exec
[INFO] 
[8mha:////4PRLbbxp59Vs5gBn4eGEGzRL/dWLitGYdHRA3k5rmXNMAAAAYB+LCAAAAAAAAP9b85aBtbiIQSmjNKU4P0+vJLE4u1gvPjexLDVPzxdEGvvmZ+X75ZekLlOVfvTjc8FPJgaGiiIGKaiG5Py84vycVD1nCA1SyAABjCCFBQCV27OjYAAAAA==[0m[INFO] --- maven-compiler-plugin:3.1:compile (default-compile) @ gameoflife-web ---
[INFO] Changes detected - recompiling the module!
[INFO] Compiling 2 source files to /home/jenkins/workspace/2_mvn-testing/gameoflife-web/target/classes
[INFO] 
[8mha:////4PRLbbxp59Vs5gBn4eGEGzRL/dWLitGYdHRA3k5rmXNMAAAAYB+LCAAAAAAAAP9b85aBtbiIQSmjNKU4P0+vJLE4u1gvPjexLDVPzxdEGvvmZ+X75ZekLlOVfvTjc8FPJgaGiiIGKaiG5Py84vycVD1nCA1SyAABjCCFBQCV27OjYAAAAA==[0m[INFO] --- maven-resources-plugin:2.6:testResources (default-testResources) @ gameoflife-web ---
[INFO] Using 'UTF-8' encoding to copy filtered resources.
[INFO] skip non existing resourceDirectory /home/jenkins/workspace/2_mvn-testing/gameoflife-web/src/test/resources
[INFO] 
[8mha:////4PRLbbxp59Vs5gBn4eGEGzRL/dWLitGYdHRA3k5rmXNMAAAAYB+LCAAAAAAAAP9b85aBtbiIQSmjNKU4P0+vJLE4u1gvPjexLDVPzxdEGvvmZ+X75ZekLlOVfvTjc8FPJgaGiiIGKaiG5Py84vycVD1nCA1SyAABjCCFBQCV27OjYAAAAA==[0m[INFO] --- maven-compiler-plugin:3.1:testCompile (default-testCompile) @ gameoflife-web ---
[INFO] Changes detected - recompiling the module!
[INFO] Compiling 3 source files to /home/jenkins/workspace/2_mvn-testing/gameoflife-web/target/test-classes
[INFO] 
[8mha:////4PRLbbxp59Vs5gBn4eGEGzRL/dWLitGYdHRA3k5rmXNMAAAAYB+LCAAAAAAAAP9b85aBtbiIQSmjNKU4P0+vJLE4u1gvPjexLDVPzxdEGvvmZ+X75ZekLlOVfvTjc8FPJgaGiiIGKaiG5Py84vycVD1nCA1SyAABjCCFBQCV27OjYAAAAA==[0m[INFO] --- maven-surefire-plugin:2.11:test (default-test) @ gameoflife-web ---
[INFO] Tests are skipped.
[INFO] 
[8mha:////4PRLbbxp59Vs5gBn4eGEGzRL/dWLitGYdHRA3k5rmXNMAAAAYB+LCAAAAAAAAP9b85aBtbiIQSmjNKU4P0+vJLE4u1gvPjexLDVPzxdEGvvmZ+X75ZekLlOVfvTjc8FPJgaGiiIGKaiG5Py84vycVD1nCA1SyAABjCCFBQCV27OjYAAAAA==[0m[INFO] --- maven-surefire-plugin:2.11:test (unit-tests) @ gameoflife-web ---
[INFO] Surefire report directory: /home/jenkins/workspace/2_mvn-testing/gameoflife-web/target/surefire-reports

-------------------------------------------------------
 T E S T S
-------------------------------------------------------
Running com.wakaleo.gameoflife.webtests.controllers.WhenCreatingANewGame
Tests run: 3, Failures: 0, Errors: 0, Skipped: 0, Time elapsed: 0.816 sec
Running com.wakaleo.gameoflife.webtests.controllers.WhenDisplayingTheHomePage
Tests run: 2, Failures: 0, Errors: 0, Skipped: 0, Time elapsed: 0.016 sec
Running com.wakaleo.gameoflife.webtests.controllers.WhenSpawningANewGeneration
Tests run: 2, Failures: 0, Errors: 0, Skipped: 0, Time elapsed: 0 sec

Results :

Tests run: 7, Failures: 0, Errors: 0, Skipped: 0

[INFO] 
[8mha:////4PRLbbxp59Vs5gBn4eGEGzRL/dWLitGYdHRA3k5rmXNMAAAAYB+LCAAAAAAAAP9b85aBtbiIQSmjNKU4P0+vJLE4u1gvPjexLDVPzxdEGvvmZ+X75ZekLlOVfvTjc8FPJgaGiiIGKaiG5Py84vycVD1nCA1SyAABjCCFBQCV27OjYAAAAA==[0m[INFO] --- maven-easyb-plugin:1.4:test (default) @ gameoflife-web ---
[INFO] /home/jenkins/workspace/2_mvn-testing/gameoflife-web/src/test/stories does not exists.  Skipping easyb testing
[INFO] ------------------------------------------------------------------------
[INFO] Reactor Summary for gameoflife 1.0-SNAPSHOT:
[INFO] 
[INFO] gameoflife ......................................... SUCCESS [  9.632 s]
[INFO] gameoflife-build ................................... SUCCESS [  1.790 s]
[INFO] gameoflife-core .................................... SUCCESS [  7.624 s]
[INFO] gameoflife-web ..................................... SUCCESS [  2.464 s]
[INFO] ------------------------------------------------------------------------
[INFO] BUILD SUCCESS
[INFO] ------------------------------------------------------------------------
[INFO] Total time:  22.279 s
[INFO] Finished at: 2020-03-20T09:40:51Z
[INFO] ------------------------------------------------------------------------
Recording test results
Started calculate disk usage of build
Finished Calculation of disk usage of build in 0 seconds
Started calculate disk usage of workspace
Finished Calculation of disk usage of workspace in 0 seconds
Published SNS notification: subject=Maven test meaage from Jenkins topic=arn:aws:sns:us-east-1:840389044523:My-SNS
Triggering a new build of [8mha:////4CgpJh25gBbl8yaFP1NrqiZJEtId5lVyJQDx19IGwW8DAAAAmx+LCAAAAAAAAP9b85aBtbiIQTGjNKU4P08vOT+vOD8nVc83PyU1x6OyILUoJzMv2y+/JJUBAhiZGBgqihhk0NSjKDWzXb3RdlLBUSYGJk8GtpzUvPSSDB8G5tKinBIGIZ+sxLJE/ZzEvHT94JKizLx0a6BxUmjGOUNodHsLgAzOEgZ+/az8JH3j+NyyPN2C7HR9AM6aTzTEAAAA[0m3_mvn-pkg
Finished: SUCCESS
